Starting SellApplication on 01HL2IXBWRWCH9B with PID 7480 (D:\myworkspace\sell\target\classes started by Administrator in D:\myworkspace\sell)
The following profiles are active: home
Refreshing org.springframework.boot.context.embedded.AnnotationConfigEmbeddedWebApplicationContext@130dca52: startup date [Fri Nov 24 08:58:19 CST 2017]; root of context hierarchy
HV000001: Hibernate Validator 5.3.5.Final
JSR-330 'javax.inject.Inject' annotation found and supported for autowiring
Tomcat initialized with port(s): 8080 (http)
Starting service [Tomcat]
Starting Servlet Engine: Apache Tomcat/8.5.23
Initializing Spring embedded WebApplicationContext
Root WebApplicationContext: initialization completed in 9004 ms
Mapping servlet: 'dispatcherServlet' to [/]
Mapping filter: 'characterEncodingFilter' to: [/*]
Mapping filter: 'hiddenHttpMethodFilter' to: [/*]
Mapping filter: 'httpPutFormContentFilter' to: [/*]
Mapping filter: 'requestContextFilter' to: [/*]
Building JPA container EntityManagerFactory for persistence unit 'default'
HHH000204: Processing PersistenceUnitInfo [
	name: default
	...]
HHH000412: Hibernate Core {5.0.12.Final}
HHH000206: hibernate.properties not found
HHH000021: Bytecode provider name : javassist
HCANN000001: Hibernate Commons Annotations {5.0.1.Final}
HHH000400: Using dialect: org.hibernate.dialect.MySQL5Dialect
Initialized JPA EntityManagerFactory for persistence unit 'default'
Looking for @ControllerAdvice: org.springframework.boot.context.embedded.AnnotationConfigEmbeddedWebApplicationContext@130dca52: startup date [Fri Nov 24 08:58:19 CST 2017]; root of context hierarchy
Mapped "{[/buyer/order/list],methods=[GET]}" onto public com.budongfeng.sell.vo.ResultVo<java.util.List<com.budongfeng.sell.dto.OrderDTO>> com.budongfeng.sell.controller.BuyerOrderController.list(java.lang.String,java.lang.Integer,java.lang.Integer)
Mapped "{[/buyer/order/cancel],methods=[POST]}" onto public com.budongfeng.sell.vo.ResultVo com.budongfeng.sell.controller.BuyerOrderController.cancel(java.lang.String,java.lang.String)
Mapped "{[/buyer/order/detail],methods=[GET]}" onto public com.budongfeng.sell.vo.ResultVo<com.budongfeng.sell.dto.OrderDTO> com.budongfeng.sell.controller.BuyerOrderController.detail(java.lang.String,java.lang.String)
Mapped "{[/buyer/order/create],methods=[POST]}" onto public com.budongfeng.sell.vo.ResultVo<java.util.Map<java.lang.String, java.lang.String>> com.budongfeng.sell.controller.BuyerOrderController.creatOrder(com.budongfeng.sell.form.OrderForm,org.springframework.validation.BindingResult)
Mapped "{[/buyer/product/list]}" onto public com.budongfeng.sell.vo.ResultVo com.budongfeng.sell.controller.BuyerProductController.productList()
Mapped "{[/pay/notify],methods=[POST]}" onto public org.springframework.web.servlet.ModelAndView com.budongfeng.sell.controller.PayController.notify(java.lang.String)
Mapped "{[/pay/create],methods=[GET]}" onto public org.springframework.web.servlet.ModelAndView com.budongfeng.sell.controller.PayController.create(java.lang.String,java.lang.String,java.util.Map<java.lang.String, java.lang.Object>)
Mapped "{[/seller/order/list],methods=[GET]}" onto public java.lang.String com.budongfeng.sell.controller.SellerOrderController.list(java.lang.Integer,java.lang.Integer,org.springframework.ui.ModelMap)
Mapped "{[/wechat/userInfo],methods=[GET]}" onto public java.lang.String com.budongfeng.sell.controller.WechatController.userInfo(java.lang.String,java.lang.String)
Mapped "{[/wechat/authorize],methods=[GET]}" onto public java.lang.String com.budongfeng.sell.controller.WechatController.authorize(java.lang.String)
Mapped "{[/weixin/auth],methods=[GET]}" onto public void com.budongfeng.sell.controller.WeiXinController.auth(java.lang.String)
Mapped "{[/error]}" onto public org.springframework.http.ResponseEntity<java.util.Map<java.lang.String, java.lang.Object>> org.springframework.boot.autoconfigure.web.BasicErrorController.error(javax.servlet.http.HttpServletRequest)
Mapped "{[/error],produces=[text/html]}" onto public org.springframework.web.servlet.ModelAndView org.springframework.boot.autoconfigure.web.BasicErrorController.errorHtml(javax.servlet.http.HttpServletRequest,javax.servlet.http.HttpServletResponse)
Mapped URL path [/webjars/**] onto handler of type [class org.springframework.web.servlet.resource.ResourceHttpRequestHandler]
Mapped URL path [/**] onto handler of type [class org.springframework.web.servlet.resource.ResourceHttpRequestHandler]
Mapped URL path [/**/favicon.ico] onto handler of type [class org.springframework.web.servlet.resource.ResourceHttpRequestHandler]
ClassTemplateLoader for Spring macros added to FreeMarker configuration
Registering beans for JMX exposure on startup
Initializing ProtocolHandler ["http-nio-8080"]
Starting ProtocolHandler ["http-nio-8080"]
Using a shared selector for servlet write/read
Tomcat started on port(s): 8080 (http)
Started SellApplication in 55.747 seconds (JVM running for 66.677)
Initializing Spring FrameworkServlet 'dispatcherServlet'
FrameworkServlet 'dispatcherServlet': initialization started
FrameworkServlet 'dispatcherServlet': initialization completed in 65 ms
HHH000397: Using ASTQueryTranslatorFactory
Starting SellApplication on 01HL2IXBWRWCH9B with PID 8448 (D:\myworkspace\sell\target\classes started by Administrator in D:\myworkspace\sell)
The following profiles are active: home
Refreshing org.springframework.boot.context.embedded.AnnotationConfigEmbeddedWebApplicationContext@687ef2e0: startup date [Fri Nov 24 09:02:16 CST 2017]; root of context hierarchy
HV000001: Hibernate Validator 5.3.5.Final
JSR-330 'javax.inject.Inject' annotation found and supported for autowiring
Tomcat initialized with port(s): 8080 (http)
Starting service [Tomcat]
Starting Servlet Engine: Apache Tomcat/8.5.23
Initializing Spring embedded WebApplicationContext
Root WebApplicationContext: initialization completed in 2013 ms
Mapping servlet: 'dispatcherServlet' to [/]
Mapping filter: 'characterEncodingFilter' to: [/*]
Mapping filter: 'hiddenHttpMethodFilter' to: [/*]
Mapping filter: 'httpPutFormContentFilter' to: [/*]
Mapping filter: 'requestContextFilter' to: [/*]
Building JPA container EntityManagerFactory for persistence unit 'default'
HHH000204: Processing PersistenceUnitInfo [
	name: default
	...]
HHH000412: Hibernate Core {5.0.12.Final}
HHH000206: hibernate.properties not found
HHH000021: Bytecode provider name : javassist
HCANN000001: Hibernate Commons Annotations {5.0.1.Final}
HHH000400: Using dialect: org.hibernate.dialect.MySQL5Dialect
Initialized JPA EntityManagerFactory for persistence unit 'default'
Looking for @ControllerAdvice: org.springframework.boot.context.embedded.AnnotationConfigEmbeddedWebApplicationContext@687ef2e0: startup date [Fri Nov 24 09:02:16 CST 2017]; root of context hierarchy
Mapped "{[/buyer/order/list],methods=[GET]}" onto public com.budongfeng.sell.vo.ResultVo<java.util.List<com.budongfeng.sell.dto.OrderDTO>> com.budongfeng.sell.controller.BuyerOrderController.list(java.lang.String,java.lang.Integer,java.lang.Integer)
Mapped "{[/buyer/order/cancel],methods=[POST]}" onto public com.budongfeng.sell.vo.ResultVo com.budongfeng.sell.controller.BuyerOrderController.cancel(java.lang.String,java.lang.String)
Mapped "{[/buyer/order/detail],methods=[GET]}" onto public com.budongfeng.sell.vo.ResultVo<com.budongfeng.sell.dto.OrderDTO> com.budongfeng.sell.controller.BuyerOrderController.detail(java.lang.String,java.lang.String)
Mapped "{[/buyer/order/create],methods=[POST]}" onto public com.budongfeng.sell.vo.ResultVo<java.util.Map<java.lang.String, java.lang.String>> com.budongfeng.sell.controller.BuyerOrderController.creatOrder(com.budongfeng.sell.form.OrderForm,org.springframework.validation.BindingResult)
Mapped "{[/buyer/product/list]}" onto public com.budongfeng.sell.vo.ResultVo com.budongfeng.sell.controller.BuyerProductController.productList()
Mapped "{[/pay/notify],methods=[POST]}" onto public org.springframework.web.servlet.ModelAndView com.budongfeng.sell.controller.PayController.notify(java.lang.String)
Mapped "{[/pay/create],methods=[GET]}" onto public org.springframework.web.servlet.ModelAndView com.budongfeng.sell.controller.PayController.create(java.lang.String,java.lang.String,java.util.Map<java.lang.String, java.lang.Object>)
Mapped "{[/seller/order/list],methods=[GET]}" onto public java.lang.String com.budongfeng.sell.controller.SellerOrderController.list(java.lang.Integer,java.lang.Integer,org.springframework.ui.ModelMap)
Mapped "{[/wechat/userInfo],methods=[GET]}" onto public java.lang.String com.budongfeng.sell.controller.WechatController.userInfo(java.lang.String,java.lang.String)
Mapped "{[/wechat/authorize],methods=[GET]}" onto public java.lang.String com.budongfeng.sell.controller.WechatController.authorize(java.lang.String)
Mapped "{[/weixin/auth],methods=[GET]}" onto public void com.budongfeng.sell.controller.WeiXinController.auth(java.lang.String)
Mapped "{[/error]}" onto public org.springframework.http.ResponseEntity<java.util.Map<java.lang.String, java.lang.Object>> org.springframework.boot.autoconfigure.web.BasicErrorController.error(javax.servlet.http.HttpServletRequest)
Mapped "{[/error],produces=[text/html]}" onto public org.springframework.web.servlet.ModelAndView org.springframework.boot.autoconfigure.web.BasicErrorController.errorHtml(javax.servlet.http.HttpServletRequest,javax.servlet.http.HttpServletResponse)
Mapped URL path [/webjars/**] onto handler of type [class org.springframework.web.servlet.resource.ResourceHttpRequestHandler]
Mapped URL path [/**] onto handler of type [class org.springframework.web.servlet.resource.ResourceHttpRequestHandler]
Mapped URL path [/**/favicon.ico] onto handler of type [class org.springframework.web.servlet.resource.ResourceHttpRequestHandler]
ClassTemplateLoader for Spring macros added to FreeMarker configuration
Registering beans for JMX exposure on startup
Initializing ProtocolHandler ["http-nio-8080"]
Starting ProtocolHandler ["http-nio-8080"]
Using a shared selector for servlet write/read
Tomcat started on port(s): 8080 (http)
Started SellApplication in 6.562 seconds (JVM running for 7.834)
