Starting SellApplication on 01HL2IXBWRWCH9B with PID 8572 (D:\myworkspace\sell\target\classes started by Administrator in D:\myworkspace\sell)
The following profiles are active: home
Refreshing org.springframework.boot.context.embedded.AnnotationConfigEmbeddedWebApplicationContext@421bba99: startup date [Thu Nov 16 08:52:10 CST 2017]; root of context hierarchy
HV000001: Hibernate Validator 5.3.5.Final
Tomcat initialized with port(s): 8080 (http)
Starting service [Tomcat]
Starting Servlet Engine: Apache Tomcat/8.5.23
Initializing Spring embedded WebApplicationContext
Root WebApplicationContext: initialization completed in 5243 ms
Mapping servlet: 'dispatcherServlet' to [/]
Mapping filter: 'characterEncodingFilter' to: [/*]
Mapping filter: 'hiddenHttpMethodFilter' to: [/*]
Mapping filter: 'httpPutFormContentFilter' to: [/*]
Mapping filter: 'requestContextFilter' to: [/*]
Building JPA container EntityManagerFactory for persistence unit 'default'
HHH000204: Processing PersistenceUnitInfo [
	name: default
	...]
HHH000412: Hibernate Core {5.0.12.Final}
HHH000206: hibernate.properties not found
HHH000021: Bytecode provider name : javassist
HCANN000001: Hibernate Commons Annotations {5.0.1.Final}
HHH000400: Using dialect: org.hibernate.dialect.MySQL5Dialect
Initialized JPA EntityManagerFactory for persistence unit 'default'
Looking for @ControllerAdvice: org.springframework.boot.context.embedded.AnnotationConfigEmbeddedWebApplicationContext@421bba99: startup date [Thu Nov 16 08:52:10 CST 2017]; root of context hierarchy
Mapped "{[/buyer/order/list],methods=[GET]}" onto public com.budongfeng.sell.vo.ResultVo<java.util.List<com.budongfeng.sell.dto.OrderDTO>> com.budongfeng.sell.controller.BuyerOrderController.list(java.lang.String,java.lang.Integer,java.lang.Integer)
Mapped "{[/buyer/order/detail],methods=[GET]}" onto public com.budongfeng.sell.vo.ResultVo<com.budongfeng.sell.dto.OrderDTO> com.budongfeng.sell.controller.BuyerOrderController.detail(java.lang.String,java.lang.String)
Mapped "{[/buyer/order/cancel],methods=[POST]}" onto public com.budongfeng.sell.vo.ResultVo com.budongfeng.sell.controller.BuyerOrderController.cancel(java.lang.String,java.lang.String)
Mapped "{[/buyer/order/create],methods=[POST]}" onto public com.budongfeng.sell.vo.ResultVo<java.util.Map<java.lang.String, java.lang.String>> com.budongfeng.sell.controller.BuyerOrderController.creatOrder(com.budongfeng.sell.form.OrderForm,org.springframework.validation.BindingResult)
Mapped "{[/buyer/product/list]}" onto public com.budongfeng.sell.vo.ResultVo com.budongfeng.sell.controller.BuyerProductController.productList()
Mapped "{[/wechat/userInfo],methods=[GET]}" onto public java.lang.String com.budongfeng.sell.controller.WechatController.userInfo(java.lang.String,java.lang.String)
Mapped "{[/wechat/authorize],methods=[GET]}" onto public java.lang.String com.budongfeng.sell.controller.WechatController.authorize(java.lang.String)
Mapped "{[/weixin/auth],methods=[GET]}" onto public void com.budongfeng.sell.controller.WeiXinController.auth(java.lang.String)
Mapped "{[/error]}" onto public org.springframework.http.ResponseEntity<java.util.Map<java.lang.String, java.lang.Object>> org.springframework.boot.autoconfigure.web.BasicErrorController.error(javax.servlet.http.HttpServletRequest)
Mapped "{[/error],produces=[text/html]}" onto public org.springframework.web.servlet.ModelAndView org.springframework.boot.autoconfigure.web.BasicErrorController.errorHtml(javax.servlet.http.HttpServletRequest,javax.servlet.http.HttpServletResponse)
Mapped URL path [/webjars/**] onto handler of type [class org.springframework.web.servlet.resource.ResourceHttpRequestHandler]
Mapped URL path [/**] onto handler of type [class org.springframework.web.servlet.resource.ResourceHttpRequestHandler]
Mapped URL path [/**/favicon.ico] onto handler of type [class org.springframework.web.servlet.resource.ResourceHttpRequestHandler]
Registering beans for JMX exposure on startup
Initializing ProtocolHandler ["http-nio-8080"]
Starting ProtocolHandler ["http-nio-8080"]
Using a shared selector for servlet write/read
Tomcat started on port(s): 8080 (http)
Started SellApplication in 13.446 seconds (JVM running for 17.865)
Initializing Spring FrameworkServlet 'dispatcherServlet'
FrameworkServlet 'dispatcherServlet': initialization started
FrameworkServlet 'dispatcherServlet': initialization completed in 39 ms
【微信网页授权】 获取code，result=https://open.weixin.qq.com/connect/oauth2/authorize?appid=wx391d816ff3b4637c&redirect_uri=http%3A%2F%2Fbudongfeng.tunnel.qydev.com%2Fsell%2Fwechat%2FuserInfo&response_type=code&scope=snsapi_userinfo&state=http%3A%2F%2Fwww.imooc.com#wechat_redirect
【微信网页授权】 获取code，result=https://open.weixin.qq.com/connect/oauth2/authorize?appid=wx391d816ff3b4637c&redirect_uri=http%3A%2F%2Fbudongfeng.tunnel.qydev.com%2Fsell%2Fwechat%2FuserInfo&response_type=code&scope=snsapi_userinfo&state=http%3A%2F%2Fwww.imooc.com#wechat_redirect
【微信网页授权】 获取code，result=https://open.weixin.qq.com/connect/oauth2/authorize?appid=wx391d816ff3b4637c&redirect_uri=http%3A%2F%2Fbudongfeng.tunnel.qydev.com%2Fsell%2Fwechat%2FuserInfo&response_type=code&scope=snsapi_userinfo&state=http%3A%2F%2Fwww.imooc.com#wechat_redirect
Starting SellApplication on 01HL2IXBWRWCH9B with PID 7464 (D:\myworkspace\sell\target\classes started by Administrator in D:\myworkspace\sell)
The following profiles are active: home
Refreshing org.springframework.boot.context.embedded.AnnotationConfigEmbeddedWebApplicationContext@416c58f5: startup date [Thu Nov 16 09:09:05 CST 2017]; root of context hierarchy
HV000001: Hibernate Validator 5.3.5.Final
Tomcat initialized with port(s): 8080 (http)
Starting service [Tomcat]
Starting Servlet Engine: Apache Tomcat/8.5.23
Initializing Spring embedded WebApplicationContext
Root WebApplicationContext: initialization completed in 1914 ms
Mapping servlet: 'dispatcherServlet' to [/]
Mapping filter: 'characterEncodingFilter' to: [/*]
Mapping filter: 'hiddenHttpMethodFilter' to: [/*]
Mapping filter: 'httpPutFormContentFilter' to: [/*]
Mapping filter: 'requestContextFilter' to: [/*]
Building JPA container EntityManagerFactory for persistence unit 'default'
HHH000204: Processing PersistenceUnitInfo [
	name: default
	...]
HHH000412: Hibernate Core {5.0.12.Final}
HHH000206: hibernate.properties not found
HHH000021: Bytecode provider name : javassist
HCANN000001: Hibernate Commons Annotations {5.0.1.Final}
HHH000400: Using dialect: org.hibernate.dialect.MySQL5Dialect
Initialized JPA EntityManagerFactory for persistence unit 'default'
Looking for @ControllerAdvice: org.springframework.boot.context.embedded.AnnotationConfigEmbeddedWebApplicationContext@416c58f5: startup date [Thu Nov 16 09:09:05 CST 2017]; root of context hierarchy
Mapped "{[/buyer/order/list],methods=[GET]}" onto public com.budongfeng.sell.vo.ResultVo<java.util.List<com.budongfeng.sell.dto.OrderDTO>> com.budongfeng.sell.controller.BuyerOrderController.list(java.lang.String,java.lang.Integer,java.lang.Integer)
Mapped "{[/buyer/order/detail],methods=[GET]}" onto public com.budongfeng.sell.vo.ResultVo<com.budongfeng.sell.dto.OrderDTO> com.budongfeng.sell.controller.BuyerOrderController.detail(java.lang.String,java.lang.String)
Mapped "{[/buyer/order/cancel],methods=[POST]}" onto public com.budongfeng.sell.vo.ResultVo com.budongfeng.sell.controller.BuyerOrderController.cancel(java.lang.String,java.lang.String)
Mapped "{[/buyer/order/create],methods=[POST]}" onto public com.budongfeng.sell.vo.ResultVo<java.util.Map<java.lang.String, java.lang.String>> com.budongfeng.sell.controller.BuyerOrderController.creatOrder(com.budongfeng.sell.form.OrderForm,org.springframework.validation.BindingResult)
Mapped "{[/buyer/product/list]}" onto public com.budongfeng.sell.vo.ResultVo com.budongfeng.sell.controller.BuyerProductController.productList()
Mapped "{[/wechat/userInfo],methods=[GET]}" onto public java.lang.String com.budongfeng.sell.controller.WechatController.userInfo(java.lang.String,java.lang.String)
Mapped "{[/wechat/authorize],methods=[GET]}" onto public java.lang.String com.budongfeng.sell.controller.WechatController.authorize(java.lang.String)
Mapped "{[/weixin/auth],methods=[GET]}" onto public void com.budongfeng.sell.controller.WeiXinController.auth(java.lang.String)
Mapped "{[/error]}" onto public org.springframework.http.ResponseEntity<java.util.Map<java.lang.String, java.lang.Object>> org.springframework.boot.autoconfigure.web.BasicErrorController.error(javax.servlet.http.HttpServletRequest)
Mapped "{[/error],produces=[text/html]}" onto public org.springframework.web.servlet.ModelAndView org.springframework.boot.autoconfigure.web.BasicErrorController.errorHtml(javax.servlet.http.HttpServletRequest,javax.servlet.http.HttpServletResponse)
Mapped URL path [/webjars/**] onto handler of type [class org.springframework.web.servlet.resource.ResourceHttpRequestHandler]
Mapped URL path [/**] onto handler of type [class org.springframework.web.servlet.resource.ResourceHttpRequestHandler]
Mapped URL path [/**/favicon.ico] onto handler of type [class org.springframework.web.servlet.resource.ResourceHttpRequestHandler]
Registering beans for JMX exposure on startup
Initializing ProtocolHandler ["http-nio-8080"]
Starting ProtocolHandler ["http-nio-8080"]
Using a shared selector for servlet write/read
Tomcat started on port(s): 8080 (http)
Started SellApplication in 6.112 seconds (JVM running for 6.973)
Initializing Spring FrameworkServlet 'dispatcherServlet'
FrameworkServlet 'dispatcherServlet': initialization started
FrameworkServlet 'dispatcherServlet': initialization completed in 32 ms
【微信网页授权】 获取code，result=https://open.weixin.qq.com/connect/oauth2/authorize?appid=wx391d816ff3b4637c&redirect_uri=http%3A%2F%2Fbudongfeng.tunnel.qydev.com%2Fsell%2Fwechat%2FuserInfo&response_type=code&scope=snsapi_userinfo&state=http%3A%2F%2Fwww.imooc.com#wechat_redirect
Starting SellApplication on 01HL2IXBWRWCH9B with PID 5608 (D:\myworkspace\sell\target\classes started by Administrator in D:\myworkspace\sell)
The following profiles are active: home
Refreshing org.springframework.boot.context.embedded.AnnotationConfigEmbeddedWebApplicationContext@421bba99: startup date [Thu Nov 16 09:17:16 CST 2017]; root of context hierarchy
HV000001: Hibernate Validator 5.3.5.Final
Tomcat initialized with port(s): 8080 (http)
Starting service [Tomcat]
Starting Servlet Engine: Apache Tomcat/8.5.23
Initializing Spring embedded WebApplicationContext
Root WebApplicationContext: initialization completed in 1855 ms
Mapping servlet: 'dispatcherServlet' to [/]
Mapping filter: 'characterEncodingFilter' to: [/*]
Mapping filter: 'hiddenHttpMethodFilter' to: [/*]
Mapping filter: 'httpPutFormContentFilter' to: [/*]
Mapping filter: 'requestContextFilter' to: [/*]
Building JPA container EntityManagerFactory for persistence unit 'default'
HHH000204: Processing PersistenceUnitInfo [
	name: default
	...]
HHH000412: Hibernate Core {5.0.12.Final}
HHH000206: hibernate.properties not found
HHH000021: Bytecode provider name : javassist
HCANN000001: Hibernate Commons Annotations {5.0.1.Final}
HHH000400: Using dialect: org.hibernate.dialect.MySQL5Dialect
Initialized JPA EntityManagerFactory for persistence unit 'default'
Looking for @ControllerAdvice: org.springframework.boot.context.embedded.AnnotationConfigEmbeddedWebApplicationContext@421bba99: startup date [Thu Nov 16 09:17:16 CST 2017]; root of context hierarchy
Mapped "{[/buyer/order/list],methods=[GET]}" onto public com.budongfeng.sell.vo.ResultVo<java.util.List<com.budongfeng.sell.dto.OrderDTO>> com.budongfeng.sell.controller.BuyerOrderController.list(java.lang.String,java.lang.Integer,java.lang.Integer)
Mapped "{[/buyer/order/cancel],methods=[POST]}" onto public com.budongfeng.sell.vo.ResultVo com.budongfeng.sell.controller.BuyerOrderController.cancel(java.lang.String,java.lang.String)
Mapped "{[/buyer/order/detail],methods=[GET]}" onto public com.budongfeng.sell.vo.ResultVo<com.budongfeng.sell.dto.OrderDTO> com.budongfeng.sell.controller.BuyerOrderController.detail(java.lang.String,java.lang.String)
Mapped "{[/buyer/order/create],methods=[POST]}" onto public com.budongfeng.sell.vo.ResultVo<java.util.Map<java.lang.String, java.lang.String>> com.budongfeng.sell.controller.BuyerOrderController.creatOrder(com.budongfeng.sell.form.OrderForm,org.springframework.validation.BindingResult)
Mapped "{[/buyer/product/list]}" onto public com.budongfeng.sell.vo.ResultVo com.budongfeng.sell.controller.BuyerProductController.productList()
Mapped "{[/wechat/userInfo],methods=[GET]}" onto public java.lang.String com.budongfeng.sell.controller.WechatController.userInfo(java.lang.String,java.lang.String)
Mapped "{[/wechat/authorize],methods=[GET]}" onto public java.lang.String com.budongfeng.sell.controller.WechatController.authorize(java.lang.String)
Mapped "{[/weixin/auth],methods=[GET]}" onto public void com.budongfeng.sell.controller.WeiXinController.auth(java.lang.String)
Mapped "{[/error]}" onto public org.springframework.http.ResponseEntity<java.util.Map<java.lang.String, java.lang.Object>> org.springframework.boot.autoconfigure.web.BasicErrorController.error(javax.servlet.http.HttpServletRequest)
Mapped "{[/error],produces=[text/html]}" onto public org.springframework.web.servlet.ModelAndView org.springframework.boot.autoconfigure.web.BasicErrorController.errorHtml(javax.servlet.http.HttpServletRequest,javax.servlet.http.HttpServletResponse)
Mapped URL path [/webjars/**] onto handler of type [class org.springframework.web.servlet.resource.ResourceHttpRequestHandler]
Mapped URL path [/**] onto handler of type [class org.springframework.web.servlet.resource.ResourceHttpRequestHandler]
Mapped URL path [/**/favicon.ico] onto handler of type [class org.springframework.web.servlet.resource.ResourceHttpRequestHandler]
Registering beans for JMX exposure on startup
Initializing ProtocolHandler ["http-nio-8080"]
Starting ProtocolHandler ["http-nio-8080"]
Using a shared selector for servlet write/read
Tomcat started on port(s): 8080 (http)
Started SellApplication in 6.052 seconds (JVM running for 7.052)
Initializing Spring FrameworkServlet 'dispatcherServlet'
FrameworkServlet 'dispatcherServlet': initialization started
FrameworkServlet 'dispatcherServlet': initialization completed in 33 ms
HHH000397: Using ASTQueryTranslatorFactory
Starting SellApplication on 01HL2IXBWRWCH9B with PID 4792 (D:\myworkspace\sell\target\classes started by Administrator in D:\myworkspace\sell)
The following profiles are active: home
Refreshing org.springframework.boot.context.embedded.AnnotationConfigEmbeddedWebApplicationContext@5505ae1a: startup date [Thu Nov 16 09:47:57 CST 2017]; root of context hierarchy
HV000001: Hibernate Validator 5.3.5.Final
Tomcat initialized with port(s): 8080 (http)
Starting service [Tomcat]
Starting Servlet Engine: Apache Tomcat/8.5.23
Initializing Spring embedded WebApplicationContext
Root WebApplicationContext: initialization completed in 1928 ms
Mapping servlet: 'dispatcherServlet' to [/]
Mapping filter: 'characterEncodingFilter' to: [/*]
Mapping filter: 'hiddenHttpMethodFilter' to: [/*]
Mapping filter: 'httpPutFormContentFilter' to: [/*]
Mapping filter: 'requestContextFilter' to: [/*]
Building JPA container EntityManagerFactory for persistence unit 'default'
HHH000204: Processing PersistenceUnitInfo [
	name: default
	...]
HHH000412: Hibernate Core {5.0.12.Final}
HHH000206: hibernate.properties not found
HHH000021: Bytecode provider name : javassist
HCANN000001: Hibernate Commons Annotations {5.0.1.Final}
HHH000400: Using dialect: org.hibernate.dialect.MySQL5Dialect
Initialized JPA EntityManagerFactory for persistence unit 'default'
Looking for @ControllerAdvice: org.springframework.boot.context.embedded.AnnotationConfigEmbeddedWebApplicationContext@5505ae1a: startup date [Thu Nov 16 09:47:57 CST 2017]; root of context hierarchy
Mapped "{[/buyer/order/list],methods=[GET]}" onto public com.budongfeng.sell.vo.ResultVo<java.util.List<com.budongfeng.sell.dto.OrderDTO>> com.budongfeng.sell.controller.BuyerOrderController.list(java.lang.String,java.lang.Integer,java.lang.Integer)
Mapped "{[/buyer/order/cancel],methods=[POST]}" onto public com.budongfeng.sell.vo.ResultVo com.budongfeng.sell.controller.BuyerOrderController.cancel(java.lang.String,java.lang.String)
Mapped "{[/buyer/order/detail],methods=[GET]}" onto public com.budongfeng.sell.vo.ResultVo<com.budongfeng.sell.dto.OrderDTO> com.budongfeng.sell.controller.BuyerOrderController.detail(java.lang.String,java.lang.String)
Mapped "{[/buyer/order/create],methods=[POST]}" onto public com.budongfeng.sell.vo.ResultVo<java.util.Map<java.lang.String, java.lang.String>> com.budongfeng.sell.controller.BuyerOrderController.creatOrder(com.budongfeng.sell.form.OrderForm,org.springframework.validation.BindingResult)
Mapped "{[/buyer/product/list]}" onto public com.budongfeng.sell.vo.ResultVo com.budongfeng.sell.controller.BuyerProductController.productList()
Mapped "{[/wechat/userInfo],methods=[GET]}" onto public java.lang.String com.budongfeng.sell.controller.WechatController.userInfo(java.lang.String,java.lang.String)
Mapped "{[/wechat/authorize],methods=[GET]}" onto public java.lang.String com.budongfeng.sell.controller.WechatController.authorize(java.lang.String)
Mapped "{[/weixin/auth],methods=[GET]}" onto public void com.budongfeng.sell.controller.WeiXinController.auth(java.lang.String)
Mapped "{[/error]}" onto public org.springframework.http.ResponseEntity<java.util.Map<java.lang.String, java.lang.Object>> org.springframework.boot.autoconfigure.web.BasicErrorController.error(javax.servlet.http.HttpServletRequest)
Mapped "{[/error],produces=[text/html]}" onto public org.springframework.web.servlet.ModelAndView org.springframework.boot.autoconfigure.web.BasicErrorController.errorHtml(javax.servlet.http.HttpServletRequest,javax.servlet.http.HttpServletResponse)
Mapped URL path [/webjars/**] onto handler of type [class org.springframework.web.servlet.resource.ResourceHttpRequestHandler]
Mapped URL path [/**] onto handler of type [class org.springframework.web.servlet.resource.ResourceHttpRequestHandler]
Mapped URL path [/**/favicon.ico] onto handler of type [class org.springframework.web.servlet.resource.ResourceHttpRequestHandler]
Registering beans for JMX exposure on startup
Initializing ProtocolHandler ["http-nio-8080"]
Starting ProtocolHandler ["http-nio-8080"]
Using a shared selector for servlet write/read
Tomcat started on port(s): 8080 (http)
Started SellApplication in 6.079 seconds (JVM running for 6.849)
Initializing Spring FrameworkServlet 'dispatcherServlet'
FrameworkServlet 'dispatcherServlet': initialization started
FrameworkServlet 'dispatcherServlet': initialization completed in 53 ms
HHH000397: Using ASTQueryTranslatorFactory
【微信网页授权】 获取code，result=https://open.weixin.qq.com/connect/oauth2/authorize?appid=wx391d816ff3b4637c&redirect_uri=http%3A%2F%2Fbudongfeng.tunnel.qydev.com%2Fsell%2Fwechat%2FuserInfo&response_type=code&scope=snsapi_userinfo&state=http%3A%2F%2Fsell.com%2F%23%2F#wechat_redirect
Starting SellApplication on 01HL2IXBWRWCH9B with PID 7824 (D:\myworkspace\sell\target\classes started by Administrator in D:\myworkspace\sell)
The following profiles are active: home
Refreshing org.springframework.boot.context.embedded.AnnotationConfigEmbeddedWebApplicationContext@421bba99: startup date [Thu Nov 16 13:15:10 CST 2017]; root of context hierarchy
HV000001: Hibernate Validator 5.3.5.Final
Tomcat initialized with port(s): 8080 (http)
Starting service [Tomcat]
Starting Servlet Engine: Apache Tomcat/8.5.23
Initializing Spring embedded WebApplicationContext
Root WebApplicationContext: initialization completed in 5721 ms
Mapping servlet: 'dispatcherServlet' to [/]
Mapping filter: 'characterEncodingFilter' to: [/*]
Mapping filter: 'hiddenHttpMethodFilter' to: [/*]
Mapping filter: 'httpPutFormContentFilter' to: [/*]
Mapping filter: 'requestContextFilter' to: [/*]
Building JPA container EntityManagerFactory for persistence unit 'default'
HHH000204: Processing PersistenceUnitInfo [
	name: default
	...]
HHH000412: Hibernate Core {5.0.12.Final}
HHH000206: hibernate.properties not found
HHH000021: Bytecode provider name : javassist
HCANN000001: Hibernate Commons Annotations {5.0.1.Final}
HHH000400: Using dialect: org.hibernate.dialect.MySQL5Dialect
Initialized JPA EntityManagerFactory for persistence unit 'default'
Looking for @ControllerAdvice: org.springframework.boot.context.embedded.AnnotationConfigEmbeddedWebApplicationContext@421bba99: startup date [Thu Nov 16 13:15:10 CST 2017]; root of context hierarchy
Mapped "{[/buyer/order/list],methods=[GET]}" onto public com.budongfeng.sell.vo.ResultVo<java.util.List<com.budongfeng.sell.dto.OrderDTO>> com.budongfeng.sell.controller.BuyerOrderController.list(java.lang.String,java.lang.Integer,java.lang.Integer)
Mapped "{[/buyer/order/cancel],methods=[POST]}" onto public com.budongfeng.sell.vo.ResultVo com.budongfeng.sell.controller.BuyerOrderController.cancel(java.lang.String,java.lang.String)
Mapped "{[/buyer/order/detail],methods=[GET]}" onto public com.budongfeng.sell.vo.ResultVo<com.budongfeng.sell.dto.OrderDTO> com.budongfeng.sell.controller.BuyerOrderController.detail(java.lang.String,java.lang.String)
Mapped "{[/buyer/order/create],methods=[POST]}" onto public com.budongfeng.sell.vo.ResultVo<java.util.Map<java.lang.String, java.lang.String>> com.budongfeng.sell.controller.BuyerOrderController.creatOrder(com.budongfeng.sell.form.OrderForm,org.springframework.validation.BindingResult)
Mapped "{[/buyer/product/list]}" onto public com.budongfeng.sell.vo.ResultVo com.budongfeng.sell.controller.BuyerProductController.productList()
Mapped "{[/wechat/userInfo],methods=[GET]}" onto public java.lang.String com.budongfeng.sell.controller.WechatController.userInfo(java.lang.String,java.lang.String)
Mapped "{[/wechat/authorize],methods=[GET]}" onto public java.lang.String com.budongfeng.sell.controller.WechatController.authorize(java.lang.String)
Mapped "{[/weixin/auth],methods=[GET]}" onto public void com.budongfeng.sell.controller.WeiXinController.auth(java.lang.String)
Mapped "{[/error]}" onto public org.springframework.http.ResponseEntity<java.util.Map<java.lang.String, java.lang.Object>> org.springframework.boot.autoconfigure.web.BasicErrorController.error(javax.servlet.http.HttpServletRequest)
Mapped "{[/error],produces=[text/html]}" onto public org.springframework.web.servlet.ModelAndView org.springframework.boot.autoconfigure.web.BasicErrorController.errorHtml(javax.servlet.http.HttpServletRequest,javax.servlet.http.HttpServletResponse)
Mapped URL path [/webjars/**] onto handler of type [class org.springframework.web.servlet.resource.ResourceHttpRequestHandler]
Mapped URL path [/**] onto handler of type [class org.springframework.web.servlet.resource.ResourceHttpRequestHandler]
Mapped URL path [/**/favicon.ico] onto handler of type [class org.springframework.web.servlet.resource.ResourceHttpRequestHandler]
Registering beans for JMX exposure on startup
Initializing ProtocolHandler ["http-nio-8080"]
Starting ProtocolHandler ["http-nio-8080"]
Using a shared selector for servlet write/read
Tomcat started on port(s): 8080 (http)
Started SellApplication in 14.392 seconds (JVM running for 21.795)
Initializing Spring FrameworkServlet 'dispatcherServlet'
FrameworkServlet 'dispatcherServlet': initialization started
FrameworkServlet 'dispatcherServlet': initialization completed in 49 ms
HHH000397: Using ASTQueryTranslatorFactory
【微信网页授权】 获取code，result=https://open.weixin.qq.com/connect/oauth2/authorize?appid=wx391d816ff3b4637c&redirect_uri=http%3A%2F%2Fbudongfeng.tunnel.qydev.com%2Fsell%2Fwechat%2FuserInfo&response_type=code&scope=snsapi_userinfo&state=http%3A%2F%2Fsell.com%2F%23%2F#wechat_redirect
【微信网页授权】 获取code，result=https://open.weixin.qq.com/connect/oauth2/authorize?appid=wx391d816ff3b4637c&redirect_uri=http%3A%2F%2Fbudongfeng.tunnel.qydev.com%2Fsell%2Fwechat%2FuserInfo&response_type=code&scope=snsapi_userinfo&state=http%3A%2F%2Fsell.com%2F%23%2F#wechat_redirect
Starting SellApplication on 01HL2IXBWRWCH9B with PID 12860 (D:\myworkspace\sell\target\classes started by Administrator in D:\myworkspace\sell)
The following profiles are active: home
Refreshing org.springframework.boot.context.embedded.AnnotationConfigEmbeddedWebApplicationContext@30e868be: startup date [Thu Nov 16 15:45:52 CST 2017]; root of context hierarchy
HV000001: Hibernate Validator 5.3.5.Final
JSR-330 'javax.inject.Inject' annotation found and supported for autowiring
Tomcat initialized with port(s): 8080 (http)
Starting service [Tomcat]
Starting Servlet Engine: Apache Tomcat/8.5.23
Initializing Spring embedded WebApplicationContext
Root WebApplicationContext: initialization completed in 2639 ms
Mapping servlet: 'dispatcherServlet' to [/]
Mapping filter: 'characterEncodingFilter' to: [/*]
Mapping filter: 'hiddenHttpMethodFilter' to: [/*]
Mapping filter: 'httpPutFormContentFilter' to: [/*]
Mapping filter: 'requestContextFilter' to: [/*]
Building JPA container EntityManagerFactory for persistence unit 'default'
HHH000204: Processing PersistenceUnitInfo [
	name: default
	...]
HHH000412: Hibernate Core {5.0.12.Final}
HHH000206: hibernate.properties not found
HHH000021: Bytecode provider name : javassist
HCANN000001: Hibernate Commons Annotations {5.0.1.Final}
HHH000400: Using dialect: org.hibernate.dialect.MySQL5Dialect
Initialized JPA EntityManagerFactory for persistence unit 'default'
Looking for @ControllerAdvice: org.springframework.boot.context.embedded.AnnotationConfigEmbeddedWebApplicationContext@30e868be: startup date [Thu Nov 16 15:45:52 CST 2017]; root of context hierarchy
Mapped "{[/buyer/order/list],methods=[GET]}" onto public com.budongfeng.sell.vo.ResultVo<java.util.List<com.budongfeng.sell.dto.OrderDTO>> com.budongfeng.sell.controller.BuyerOrderController.list(java.lang.String,java.lang.Integer,java.lang.Integer)
Mapped "{[/buyer/order/cancel],methods=[POST]}" onto public com.budongfeng.sell.vo.ResultVo com.budongfeng.sell.controller.BuyerOrderController.cancel(java.lang.String,java.lang.String)
Mapped "{[/buyer/order/detail],methods=[GET]}" onto public com.budongfeng.sell.vo.ResultVo<com.budongfeng.sell.dto.OrderDTO> com.budongfeng.sell.controller.BuyerOrderController.detail(java.lang.String,java.lang.String)
Mapped "{[/buyer/order/create],methods=[POST]}" onto public com.budongfeng.sell.vo.ResultVo<java.util.Map<java.lang.String, java.lang.String>> com.budongfeng.sell.controller.BuyerOrderController.creatOrder(com.budongfeng.sell.form.OrderForm,org.springframework.validation.BindingResult)
Mapped "{[/buyer/product/list]}" onto public com.budongfeng.sell.vo.ResultVo com.budongfeng.sell.controller.BuyerProductController.productList()
Mapped "{[/pay/create],methods=[GET]}" onto public void com.budongfeng.sell.controller.PayController.create(java.lang.String,java.lang.String)
Mapped "{[/wechat/userInfo],methods=[GET]}" onto public java.lang.String com.budongfeng.sell.controller.WechatController.userInfo(java.lang.String,java.lang.String)
Mapped "{[/wechat/authorize],methods=[GET]}" onto public java.lang.String com.budongfeng.sell.controller.WechatController.authorize(java.lang.String)
Mapped "{[/weixin/auth],methods=[GET]}" onto public void com.budongfeng.sell.controller.WeiXinController.auth(java.lang.String)
Mapped "{[/error]}" onto public org.springframework.http.ResponseEntity<java.util.Map<java.lang.String, java.lang.Object>> org.springframework.boot.autoconfigure.web.BasicErrorController.error(javax.servlet.http.HttpServletRequest)
Mapped "{[/error],produces=[text/html]}" onto public org.springframework.web.servlet.ModelAndView org.springframework.boot.autoconfigure.web.BasicErrorController.errorHtml(javax.servlet.http.HttpServletRequest,javax.servlet.http.HttpServletResponse)
Mapped URL path [/webjars/**] onto handler of type [class org.springframework.web.servlet.resource.ResourceHttpRequestHandler]
Mapped URL path [/**] onto handler of type [class org.springframework.web.servlet.resource.ResourceHttpRequestHandler]
Mapped URL path [/**/favicon.ico] onto handler of type [class org.springframework.web.servlet.resource.ResourceHttpRequestHandler]
Registering beans for JMX exposure on startup
Initializing ProtocolHandler ["http-nio-8080"]
Starting ProtocolHandler ["http-nio-8080"]
Using a shared selector for servlet write/read
Tomcat started on port(s): 8080 (http)
Started SellApplication in 10.059 seconds (JVM running for 12.036)
Starting SellApplication on 01HL2IXBWRWCH9B with PID 12956 (D:\myworkspace\sell\target\classes started by Administrator in D:\myworkspace\sell)
The following profiles are active: home
Refreshing org.springframework.boot.context.embedded.AnnotationConfigEmbeddedWebApplicationContext@5ba88be8: startup date [Thu Nov 16 15:46:12 CST 2017]; root of context hierarchy
HV000001: Hibernate Validator 5.3.5.Final
JSR-330 'javax.inject.Inject' annotation found and supported for autowiring
Tomcat initialized with port(s): 8080 (http)
Starting service [Tomcat]
Starting Servlet Engine: Apache Tomcat/8.5.23
Initializing Spring embedded WebApplicationContext
Root WebApplicationContext: initialization completed in 1884 ms
Mapping servlet: 'dispatcherServlet' to [/]
Mapping filter: 'characterEncodingFilter' to: [/*]
Mapping filter: 'hiddenHttpMethodFilter' to: [/*]
Mapping filter: 'httpPutFormContentFilter' to: [/*]
Mapping filter: 'requestContextFilter' to: [/*]
Building JPA container EntityManagerFactory for persistence unit 'default'
HHH000204: Processing PersistenceUnitInfo [
	name: default
	...]
HHH000412: Hibernate Core {5.0.12.Final}
HHH000206: hibernate.properties not found
HHH000021: Bytecode provider name : javassist
HCANN000001: Hibernate Commons Annotations {5.0.1.Final}
HHH000400: Using dialect: org.hibernate.dialect.MySQL5Dialect
Initialized JPA EntityManagerFactory for persistence unit 'default'
Looking for @ControllerAdvice: org.springframework.boot.context.embedded.AnnotationConfigEmbeddedWebApplicationContext@5ba88be8: startup date [Thu Nov 16 15:46:12 CST 2017]; root of context hierarchy
Mapped "{[/buyer/order/list],methods=[GET]}" onto public com.budongfeng.sell.vo.ResultVo<java.util.List<com.budongfeng.sell.dto.OrderDTO>> com.budongfeng.sell.controller.BuyerOrderController.list(java.lang.String,java.lang.Integer,java.lang.Integer)
Mapped "{[/buyer/order/detail],methods=[GET]}" onto public com.budongfeng.sell.vo.ResultVo<com.budongfeng.sell.dto.OrderDTO> com.budongfeng.sell.controller.BuyerOrderController.detail(java.lang.String,java.lang.String)
Mapped "{[/buyer/order/cancel],methods=[POST]}" onto public com.budongfeng.sell.vo.ResultVo com.budongfeng.sell.controller.BuyerOrderController.cancel(java.lang.String,java.lang.String)
Mapped "{[/buyer/order/create],methods=[POST]}" onto public com.budongfeng.sell.vo.ResultVo<java.util.Map<java.lang.String, java.lang.String>> com.budongfeng.sell.controller.BuyerOrderController.creatOrder(com.budongfeng.sell.form.OrderForm,org.springframework.validation.BindingResult)
Mapped "{[/buyer/product/list]}" onto public com.budongfeng.sell.vo.ResultVo com.budongfeng.sell.controller.BuyerProductController.productList()
Mapped "{[/pay/create],methods=[GET]}" onto public void com.budongfeng.sell.controller.PayController.create(java.lang.String,java.lang.String)
Mapped "{[/wechat/userInfo],methods=[GET]}" onto public java.lang.String com.budongfeng.sell.controller.WechatController.userInfo(java.lang.String,java.lang.String)
Mapped "{[/wechat/authorize],methods=[GET]}" onto public java.lang.String com.budongfeng.sell.controller.WechatController.authorize(java.lang.String)
Mapped "{[/weixin/auth],methods=[GET]}" onto public void com.budongfeng.sell.controller.WeiXinController.auth(java.lang.String)
Mapped "{[/error]}" onto public org.springframework.http.ResponseEntity<java.util.Map<java.lang.String, java.lang.Object>> org.springframework.boot.autoconfigure.web.BasicErrorController.error(javax.servlet.http.HttpServletRequest)
Mapped "{[/error],produces=[text/html]}" onto public org.springframework.web.servlet.ModelAndView org.springframework.boot.autoconfigure.web.BasicErrorController.errorHtml(javax.servlet.http.HttpServletRequest,javax.servlet.http.HttpServletResponse)
Mapped URL path [/webjars/**] onto handler of type [class org.springframework.web.servlet.resource.ResourceHttpRequestHandler]
Mapped URL path [/**] onto handler of type [class org.springframework.web.servlet.resource.ResourceHttpRequestHandler]
Mapped URL path [/**/favicon.ico] onto handler of type [class org.springframework.web.servlet.resource.ResourceHttpRequestHandler]
Registering beans for JMX exposure on startup
Initializing ProtocolHandler ["http-nio-8080"]
Starting ProtocolHandler ["http-nio-8080"]
Using a shared selector for servlet write/read
Tomcat started on port(s): 8080 (http)
Started SellApplication in 6.315 seconds (JVM running for 7.206)
Initializing Spring FrameworkServlet 'dispatcherServlet'
FrameworkServlet 'dispatcherServlet': initialization started
FrameworkServlet 'dispatcherServlet': initialization completed in 35 ms
Starting SellApplication on 01HL2IXBWRWCH9B with PID 12140 (D:\myworkspace\sell\target\classes started by Administrator in D:\myworkspace\sell)
The following profiles are active: home
Refreshing org.springframework.boot.context.embedded.AnnotationConfigEmbeddedWebApplicationContext@66c92293: startup date [Thu Nov 16 15:46:58 CST 2017]; root of context hierarchy
HV000001: Hibernate Validator 5.3.5.Final
JSR-330 'javax.inject.Inject' annotation found and supported for autowiring
Tomcat initialized with port(s): 8080 (http)
Starting service [Tomcat]
Starting Servlet Engine: Apache Tomcat/8.5.23
Initializing Spring embedded WebApplicationContext
Root WebApplicationContext: initialization completed in 1891 ms
Mapping servlet: 'dispatcherServlet' to [/]
Mapping filter: 'characterEncodingFilter' to: [/*]
Mapping filter: 'hiddenHttpMethodFilter' to: [/*]
Mapping filter: 'httpPutFormContentFilter' to: [/*]
Mapping filter: 'requestContextFilter' to: [/*]
Building JPA container EntityManagerFactory for persistence unit 'default'
HHH000204: Processing PersistenceUnitInfo [
	name: default
	...]
HHH000412: Hibernate Core {5.0.12.Final}
HHH000206: hibernate.properties not found
HHH000021: Bytecode provider name : javassist
HCANN000001: Hibernate Commons Annotations {5.0.1.Final}
HHH000400: Using dialect: org.hibernate.dialect.MySQL5Dialect
Initialized JPA EntityManagerFactory for persistence unit 'default'
Looking for @ControllerAdvice: org.springframework.boot.context.embedded.AnnotationConfigEmbeddedWebApplicationContext@66c92293: startup date [Thu Nov 16 15:46:58 CST 2017]; root of context hierarchy
Mapped "{[/buyer/order/list],methods=[GET]}" onto public com.budongfeng.sell.vo.ResultVo<java.util.List<com.budongfeng.sell.dto.OrderDTO>> com.budongfeng.sell.controller.BuyerOrderController.list(java.lang.String,java.lang.Integer,java.lang.Integer)
Mapped "{[/buyer/order/detail],methods=[GET]}" onto public com.budongfeng.sell.vo.ResultVo<com.budongfeng.sell.dto.OrderDTO> com.budongfeng.sell.controller.BuyerOrderController.detail(java.lang.String,java.lang.String)
Mapped "{[/buyer/order/cancel],methods=[POST]}" onto public com.budongfeng.sell.vo.ResultVo com.budongfeng.sell.controller.BuyerOrderController.cancel(java.lang.String,java.lang.String)
Mapped "{[/buyer/order/create],methods=[POST]}" onto public com.budongfeng.sell.vo.ResultVo<java.util.Map<java.lang.String, java.lang.String>> com.budongfeng.sell.controller.BuyerOrderController.creatOrder(com.budongfeng.sell.form.OrderForm,org.springframework.validation.BindingResult)
Mapped "{[/buyer/product/list]}" onto public com.budongfeng.sell.vo.ResultVo com.budongfeng.sell.controller.BuyerProductController.productList()
Mapped "{[/pay/create],methods=[GET]}" onto public void com.budongfeng.sell.controller.PayController.create(java.lang.String,java.lang.String)
Mapped "{[/wechat/userInfo],methods=[GET]}" onto public java.lang.String com.budongfeng.sell.controller.WechatController.userInfo(java.lang.String,java.lang.String)
Mapped "{[/wechat/authorize],methods=[GET]}" onto public java.lang.String com.budongfeng.sell.controller.WechatController.authorize(java.lang.String)
Mapped "{[/weixin/auth],methods=[GET]}" onto public void com.budongfeng.sell.controller.WeiXinController.auth(java.lang.String)
Mapped "{[/error]}" onto public org.springframework.http.ResponseEntity<java.util.Map<java.lang.String, java.lang.Object>> org.springframework.boot.autoconfigure.web.BasicErrorController.error(javax.servlet.http.HttpServletRequest)
Mapped "{[/error],produces=[text/html]}" onto public org.springframework.web.servlet.ModelAndView org.springframework.boot.autoconfigure.web.BasicErrorController.errorHtml(javax.servlet.http.HttpServletRequest,javax.servlet.http.HttpServletResponse)
Mapped URL path [/webjars/**] onto handler of type [class org.springframework.web.servlet.resource.ResourceHttpRequestHandler]
Mapped URL path [/**] onto handler of type [class org.springframework.web.servlet.resource.ResourceHttpRequestHandler]
Mapped URL path [/**/favicon.ico] onto handler of type [class org.springframework.web.servlet.resource.ResourceHttpRequestHandler]
Registering beans for JMX exposure on startup
Initializing ProtocolHandler ["http-nio-8080"]
Starting ProtocolHandler ["http-nio-8080"]
Using a shared selector for servlet write/read
Tomcat started on port(s): 8080 (http)
Started SellApplication in 5.953 seconds (JVM running for 6.84)
Initializing Spring FrameworkServlet 'dispatcherServlet'
FrameworkServlet 'dispatcherServlet': initialization started
FrameworkServlet 'dispatcherServlet': initialization completed in 32 ms
HHH000397: Using ASTQueryTranslatorFactory
【微信网页授权】 获取code，result=https://open.weixin.qq.com/connect/oauth2/authorize?appid=wx391d816ff3b4637c&redirect_uri=http%3A%2F%2Fbudongfeng.tunnel.qydev.com%2Fsell%2Fwechat%2FuserInfo&response_type=code&scope=snsapi_userinfo&state=http%3A%2F%2Fsell.com%2F%23%2F#wechat_redirect
