Starting SellApplication on 01HL2IXBWRWCH9B with PID 5768 (D:\myworkspace\sell\target\classes started by Administrator in D:\myworkspace\sell)
The following profiles are active: home
Refreshing org.springframework.boot.context.embedded.AnnotationConfigEmbeddedWebApplicationContext@628c4ac0: startup date [Fri Dec 22 20:04:22 CST 2017]; root of context hierarchy
HV000001: Hibernate Validator 5.3.5.Final
Multiple Spring Data modules found, entering strict repository configuration mode!
Multiple Spring Data modules found, entering strict repository configuration mode!
Spring Data Redis - Could not safely identify store assignment for repository candidate interface com.budongfeng.sell.repository.ProductInfoRepository.
Spring Data Redis - Could not safely identify store assignment for repository candidate interface com.budongfeng.sell.repository.OrderMasterRepository.
Spring Data Redis - Could not safely identify store assignment for repository candidate interface com.budongfeng.sell.repository.ProductCategoryRepository.
Spring Data Redis - Could not safely identify store assignment for repository candidate interface com.budongfeng.sell.repository.SellerInfoRepository.
Spring Data Redis - Could not safely identify store assignment for repository candidate interface com.budongfeng.sell.repository.OrderDetailRepository.
JSR-330 'javax.inject.Inject' annotation found and supported for autowiring
Tomcat initialized with port(s): 8080 (http)
Starting service [Tomcat]
Starting Servlet Engine: Apache Tomcat/8.5.23
Initializing Spring embedded WebApplicationContext
Root WebApplicationContext: initialization completed in 9350 ms
Mapping servlet: 'dispatcherServlet' to [/]
Mapping filter: 'characterEncodingFilter' to: [/*]
Mapping filter: 'hiddenHttpMethodFilter' to: [/*]
Mapping filter: 'httpPutFormContentFilter' to: [/*]
Mapping filter: 'requestContextFilter' to: [/*]
Building JPA container EntityManagerFactory for persistence unit 'default'
HHH000204: Processing PersistenceUnitInfo [
	name: default
	...]
HHH000412: Hibernate Core {5.0.12.Final}
HHH000206: hibernate.properties not found
HHH000021: Bytecode provider name : javassist
HCANN000001: Hibernate Commons Annotations {5.0.1.Final}
HHH000400: Using dialect: org.hibernate.dialect.MySQL5Dialect
Initialized JPA EntityManagerFactory for persistence unit 'default'
Looking for @ControllerAdvice: org.springframework.boot.context.embedded.AnnotationConfigEmbeddedWebApplicationContext@628c4ac0: startup date [Fri Dec 22 20:04:22 CST 2017]; root of context hierarchy
Mapped "{[/buyer/order/list],methods=[GET]}" onto public com.budongfeng.sell.vo.ResultVo<java.util.List<com.budongfeng.sell.dto.OrderDTO>> com.budongfeng.sell.controller.BuyerOrderController.list(java.lang.String,java.lang.Integer,java.lang.Integer)
Mapped "{[/buyer/order/cancel],methods=[POST]}" onto public com.budongfeng.sell.vo.ResultVo com.budongfeng.sell.controller.BuyerOrderController.cancel(java.lang.String,java.lang.String)
Mapped "{[/buyer/order/detail],methods=[GET]}" onto public com.budongfeng.sell.vo.ResultVo<com.budongfeng.sell.dto.OrderDTO> com.budongfeng.sell.controller.BuyerOrderController.detail(java.lang.String,java.lang.String)
Mapped "{[/buyer/order/create],methods=[POST]}" onto public com.budongfeng.sell.vo.ResultVo<java.util.Map<java.lang.String, java.lang.String>> com.budongfeng.sell.controller.BuyerOrderController.creatOrder(com.budongfeng.sell.form.OrderForm,org.springframework.validation.BindingResult)
Mapped "{[/buyer/product/list]}" onto public com.budongfeng.sell.vo.ResultVo com.budongfeng.sell.controller.BuyerProductController.productList(java.lang.String)
Mapped "{[/seller/category/index],methods=[GET]}" onto public java.lang.String com.budongfeng.sell.controller.CategoryController.index(java.lang.Integer,org.springframework.ui.ModelMap)
Mapped "{[/seller/category/list],methods=[GET]}" onto public java.lang.String com.budongfeng.sell.controller.CategoryController.list(org.springframework.ui.ModelMap)
Mapped "{[/seller/category/save],methods=[POST]}" onto public java.lang.String com.budongfeng.sell.controller.CategoryController.catSaveOrUpdate(com.budongfeng.sell.form.CategoryForm,org.springframework.validation.BindingResult,org.springframework.ui.ModelMap)
Mapped "{[/pay/notify],methods=[POST]}" onto public org.springframework.web.servlet.ModelAndView com.budongfeng.sell.controller.PayController.notify(java.lang.String)
Mapped "{[/pay/create],methods=[GET]}" onto public org.springframework.web.servlet.ModelAndView com.budongfeng.sell.controller.PayController.create(java.lang.String,java.lang.String,java.util.Map<java.lang.String, java.lang.Object>)
Mapped "{[/skill/query/{productId}],methods=[GET]}" onto public java.lang.String com.budongfeng.sell.controller.SecKillController.query(java.lang.String) throws java.lang.Exception
Mapped "{[/skill/order/{productId}],methods=[GET]}" onto public java.lang.String com.budongfeng.sell.controller.SecKillController.skill(java.lang.String) throws java.lang.Exception
Mapped "{[/seller/order/list],methods=[GET]}" onto public java.lang.String com.budongfeng.sell.controller.SellerOrderController.list(java.lang.Integer,java.lang.Integer,org.springframework.ui.ModelMap)
Mapped "{[/seller/order/finish],methods=[GET]}" onto public java.lang.String com.budongfeng.sell.controller.SellerOrderController.finish(java.lang.String,org.springframework.ui.ModelMap)
Mapped "{[/seller/order/cancel],methods=[GET]}" onto public java.lang.String com.budongfeng.sell.controller.SellerOrderController.cancel(java.lang.String,org.springframework.ui.ModelMap)
Mapped "{[/seller/order/detail],methods=[GET]}" onto public java.lang.String com.budongfeng.sell.controller.SellerOrderController.detail(java.lang.String,org.springframework.ui.ModelMap)
Mapped "{[/seller/product/list]}" onto public java.lang.String com.budongfeng.sell.controller.SellerProductController.list(java.lang.Integer,java.lang.Integer,org.springframework.ui.ModelMap)
Mapped "{[/seller/product/save],methods=[POST]}" onto public java.lang.String com.budongfeng.sell.controller.SellerProductController.save(com.budongfeng.sell.form.ProductForm,org.springframework.validation.BindingResult,org.springframework.ui.ModelMap)
Mapped "{[/seller/product/index],methods=[GET]}" onto public java.lang.String com.budongfeng.sell.controller.SellerProductController.productAddOrUpdate(java.lang.String,org.springframework.ui.ModelMap)
Mapped "{[/seller/product/on_sale],methods=[GET]}" onto public java.lang.String com.budongfeng.sell.controller.SellerProductController.on_sale(java.lang.String,org.springframework.ui.ModelMap)
Mapped "{[/seller/product/off_sale],methods=[GET]}" onto public java.lang.String com.budongfeng.sell.controller.SellerProductController.off_sale(java.lang.String,org.springframework.ui.ModelMap)
Mapped "{[/seller/logout],methods=[GET]}" onto public java.lang.String com.budongfeng.sell.controller.SellerUserController.logout(javax.servlet.http.HttpServletRequest,javax.servlet.http.HttpServletResponse,org.springframework.ui.ModelMap)
Mapped "{[/seller/login]}" onto public java.lang.String com.budongfeng.sell.controller.SellerUserController.loginPage(org.springframework.ui.ModelMap)
Mapped "{[/seller/doLogin],methods=[POST]}" onto public org.springframework.web.servlet.ModelAndView com.budongfeng.sell.controller.SellerUserController.login(java.lang.String,java.lang.String,javax.servlet.http.HttpServletResponse,org.springframework.ui.ModelMap)
Mapped "{[/wechat/userInfo],methods=[GET]}" onto public java.lang.String com.budongfeng.sell.controller.WechatController.userInfo(java.lang.String,java.lang.String)
Mapped "{[/wechat/qrAuthorize],methods=[GET]}" onto public java.lang.String com.budongfeng.sell.controller.WechatController.qrauthorize(java.lang.String)
Mapped "{[/wechat/authorize],methods=[GET]}" onto public java.lang.String com.budongfeng.sell.controller.WechatController.authorize(java.lang.String)
Mapped "{[/wechat/qrUserInfo],methods=[GET]}" onto public java.lang.String com.budongfeng.sell.controller.WechatController.quUserInfo(java.lang.String,java.lang.String)
Mapped "{[/weixin/auth],methods=[GET]}" onto public void com.budongfeng.sell.controller.WeiXinController.auth(java.lang.String)
Mapped "{[/error]}" onto public org.springframework.http.ResponseEntity<java.util.Map<java.lang.String, java.lang.Object>> org.springframework.boot.autoconfigure.web.BasicErrorController.error(javax.servlet.http.HttpServletRequest)
Mapped "{[/error],produces=[text/html]}" onto public org.springframework.web.servlet.ModelAndView org.springframework.boot.autoconfigure.web.BasicErrorController.errorHtml(javax.servlet.http.HttpServletRequest,javax.servlet.http.HttpServletResponse)
Mapped URL path [/webjars/**] onto handler of type [class org.springframework.web.servlet.resource.ResourceHttpRequestHandler]
Mapped URL path [/**] onto handler of type [class org.springframework.web.servlet.resource.ResourceHttpRequestHandler]
Detected @ExceptionHandler methods in sellerExceptionHandler
Mapped URL path [/**/favicon.ico] onto handler of type [class org.springframework.web.servlet.resource.ResourceHttpRequestHandler]
ClassTemplateLoader for Spring macros added to FreeMarker configuration
Registering @ServerEndpoint class: class com.budongfeng.sell.service.WebSocket
Registering beans for JMX exposure on startup
Initializing ProtocolHandler ["http-nio-8080"]
Starting ProtocolHandler ["http-nio-8080"]
Using a shared selector for servlet write/read
Tomcat started on port(s): 8080 (http)
Started SellApplication in 22.028 seconds (JVM running for 24.306)
Initializing Spring FrameworkServlet 'dispatcherServlet'
FrameworkServlet 'dispatcherServlet': initialization started
FrameworkServlet 'dispatcherServlet': initialization completed in 28 ms
@skill request, productId:123456
@skill request, productId:123456
@skill request, productId:123456
@skill request, productId:123456
@skill request, productId:123456
@skill request, productId:123456
@skill request, productId:123456
@skill request, productId:123456
@skill request, productId:123456
@skill request, productId:123456
@skill request, productId:123456
@skill request, productId:123456
@skill request, productId:123456
@skill request, productId:123456
@skill request, productId:123456
@skill request, productId:123456
@skill request, productId:123456
@skill request, productId:123456
@skill request, productId:123456
@skill request, productId:123456
@skill request, productId:123456
@skill request, productId:123456
@skill request, productId:123456
@skill request, productId:123456
@skill request, productId:123456
@skill request, productId:123456
@skill request, productId:123456
@skill request, productId:123456
@skill request, productId:123456
@skill request, productId:123456
@skill request, productId:123456
@skill request, productId:123456
@skill request, productId:123456
@skill request, productId:123456
@skill request, productId:123456
@skill request, productId:123456
@skill request, productId:123456
@skill request, productId:123456
@skill request, productId:123456
@skill request, productId:123456
@skill request, productId:123456
@skill request, productId:123456
@skill request, productId:123456
@skill request, productId:123456
@skill request, productId:123456
@skill request, productId:123456
@skill request, productId:123456
@skill request, productId:123456
@skill request, productId:123456
@skill request, productId:123456
@skill request, productId:123456
@skill request, productId:123456
@skill request, productId:123456
@skill request, productId:123456
@skill request, productId:123456
@skill request, productId:123456
@skill request, productId:123456
@skill request, productId:123456
@skill request, productId:123456
@skill request, productId:123456
@skill request, productId:123456
@skill request, productId:123456
@skill request, productId:123456
@skill request, productId:123456
@skill request, productId:123456
@skill request, productId:123456
@skill request, productId:123456
@skill request, productId:123456
@skill request, productId:123456
@skill request, productId:123456
@skill request, productId:123456
@skill request, productId:123456
@skill request, productId:123456
@skill request, productId:123456
@skill request, productId:123456
@skill request, productId:123456
@skill request, productId:123456
@skill request, productId:123456
@skill request, productId:123456
@skill request, productId:123456
@skill request, productId:123456
@skill request, productId:123456
@skill request, productId:123456
@skill request, productId:123456
@skill request, productId:123456
@skill request, productId:123456
@skill request, productId:123456
@skill request, productId:123456
@skill request, productId:123456
@skill request, productId:123456
@skill request, productId:123456
@skill request, productId:123456
@skill request, productId:123456
@skill request, productId:123456
@skill request, productId:123456
@skill request, productId:123456
@skill request, productId:123456
@skill request, productId:123456
@skill request, productId:123456
@skill request, productId:123456
@skill request, productId:123456
Starting SellApplication on 01HL2IXBWRWCH9B with PID 5896 (D:\myworkspace\sell\target\classes started by Administrator in D:\myworkspace\sell)
The following profiles are active: home
Refreshing org.springframework.boot.context.embedded.AnnotationConfigEmbeddedWebApplicationContext@6ee660fb: startup date [Fri Dec 22 20:07:23 CST 2017]; root of context hierarchy
HV000001: Hibernate Validator 5.3.5.Final
Multiple Spring Data modules found, entering strict repository configuration mode!
Multiple Spring Data modules found, entering strict repository configuration mode!
Spring Data Redis - Could not safely identify store assignment for repository candidate interface com.budongfeng.sell.repository.ProductInfoRepository.
Spring Data Redis - Could not safely identify store assignment for repository candidate interface com.budongfeng.sell.repository.OrderMasterRepository.
Spring Data Redis - Could not safely identify store assignment for repository candidate interface com.budongfeng.sell.repository.ProductCategoryRepository.
Spring Data Redis - Could not safely identify store assignment for repository candidate interface com.budongfeng.sell.repository.SellerInfoRepository.
Spring Data Redis - Could not safely identify store assignment for repository candidate interface com.budongfeng.sell.repository.OrderDetailRepository.
JSR-330 'javax.inject.Inject' annotation found and supported for autowiring
Tomcat initialized with port(s): 8080 (http)
Starting service [Tomcat]
Starting Servlet Engine: Apache Tomcat/8.5.23
Initializing Spring embedded WebApplicationContext
Root WebApplicationContext: initialization completed in 2108 ms
Mapping servlet: 'dispatcherServlet' to [/]
Mapping filter: 'characterEncodingFilter' to: [/*]
Mapping filter: 'hiddenHttpMethodFilter' to: [/*]
Mapping filter: 'httpPutFormContentFilter' to: [/*]
Mapping filter: 'requestContextFilter' to: [/*]
Building JPA container EntityManagerFactory for persistence unit 'default'
HHH000204: Processing PersistenceUnitInfo [
	name: default
	...]
HHH000412: Hibernate Core {5.0.12.Final}
HHH000206: hibernate.properties not found
HHH000021: Bytecode provider name : javassist
HCANN000001: Hibernate Commons Annotations {5.0.1.Final}
HHH000400: Using dialect: org.hibernate.dialect.MySQL5Dialect
Initialized JPA EntityManagerFactory for persistence unit 'default'
Looking for @ControllerAdvice: org.springframework.boot.context.embedded.AnnotationConfigEmbeddedWebApplicationContext@6ee660fb: startup date [Fri Dec 22 20:07:23 CST 2017]; root of context hierarchy
Mapped "{[/buyer/order/list],methods=[GET]}" onto public com.budongfeng.sell.vo.ResultVo<java.util.List<com.budongfeng.sell.dto.OrderDTO>> com.budongfeng.sell.controller.BuyerOrderController.list(java.lang.String,java.lang.Integer,java.lang.Integer)
Mapped "{[/buyer/order/detail],methods=[GET]}" onto public com.budongfeng.sell.vo.ResultVo<com.budongfeng.sell.dto.OrderDTO> com.budongfeng.sell.controller.BuyerOrderController.detail(java.lang.String,java.lang.String)
Mapped "{[/buyer/order/cancel],methods=[POST]}" onto public com.budongfeng.sell.vo.ResultVo com.budongfeng.sell.controller.BuyerOrderController.cancel(java.lang.String,java.lang.String)
Mapped "{[/buyer/order/create],methods=[POST]}" onto public com.budongfeng.sell.vo.ResultVo<java.util.Map<java.lang.String, java.lang.String>> com.budongfeng.sell.controller.BuyerOrderController.creatOrder(com.budongfeng.sell.form.OrderForm,org.springframework.validation.BindingResult)
Mapped "{[/buyer/product/list]}" onto public com.budongfeng.sell.vo.ResultVo com.budongfeng.sell.controller.BuyerProductController.productList(java.lang.String)
Mapped "{[/seller/category/index],methods=[GET]}" onto public java.lang.String com.budongfeng.sell.controller.CategoryController.index(java.lang.Integer,org.springframework.ui.ModelMap)
Mapped "{[/seller/category/list],methods=[GET]}" onto public java.lang.String com.budongfeng.sell.controller.CategoryController.list(org.springframework.ui.ModelMap)
Mapped "{[/seller/category/save],methods=[POST]}" onto public java.lang.String com.budongfeng.sell.controller.CategoryController.catSaveOrUpdate(com.budongfeng.sell.form.CategoryForm,org.springframework.validation.BindingResult,org.springframework.ui.ModelMap)
Mapped "{[/pay/notify],methods=[POST]}" onto public org.springframework.web.servlet.ModelAndView com.budongfeng.sell.controller.PayController.notify(java.lang.String)
Mapped "{[/pay/create],methods=[GET]}" onto public org.springframework.web.servlet.ModelAndView com.budongfeng.sell.controller.PayController.create(java.lang.String,java.lang.String,java.util.Map<java.lang.String, java.lang.Object>)
Mapped "{[/skill/query/{productId}],methods=[GET]}" onto public java.lang.String com.budongfeng.sell.controller.SecKillController.query(java.lang.String) throws java.lang.Exception
Mapped "{[/skill/order/{productId}],methods=[GET]}" onto public java.lang.String com.budongfeng.sell.controller.SecKillController.skill(java.lang.String) throws java.lang.Exception
Mapped "{[/seller/order/list],methods=[GET]}" onto public java.lang.String com.budongfeng.sell.controller.SellerOrderController.list(java.lang.Integer,java.lang.Integer,org.springframework.ui.ModelMap)
Mapped "{[/seller/order/detail],methods=[GET]}" onto public java.lang.String com.budongfeng.sell.controller.SellerOrderController.detail(java.lang.String,org.springframework.ui.ModelMap)
Mapped "{[/seller/order/finish],methods=[GET]}" onto public java.lang.String com.budongfeng.sell.controller.SellerOrderController.finish(java.lang.String,org.springframework.ui.ModelMap)
Mapped "{[/seller/order/cancel],methods=[GET]}" onto public java.lang.String com.budongfeng.sell.controller.SellerOrderController.cancel(java.lang.String,org.springframework.ui.ModelMap)
Mapped "{[/seller/product/list]}" onto public java.lang.String com.budongfeng.sell.controller.SellerProductController.list(java.lang.Integer,java.lang.Integer,org.springframework.ui.ModelMap)
Mapped "{[/seller/product/save],methods=[POST]}" onto public java.lang.String com.budongfeng.sell.controller.SellerProductController.save(com.budongfeng.sell.form.ProductForm,org.springframework.validation.BindingResult,org.springframework.ui.ModelMap)
Mapped "{[/seller/product/off_sale],methods=[GET]}" onto public java.lang.String com.budongfeng.sell.controller.SellerProductController.off_sale(java.lang.String,org.springframework.ui.ModelMap)
Mapped "{[/seller/product/on_sale],methods=[GET]}" onto public java.lang.String com.budongfeng.sell.controller.SellerProductController.on_sale(java.lang.String,org.springframework.ui.ModelMap)
Mapped "{[/seller/product/index],methods=[GET]}" onto public java.lang.String com.budongfeng.sell.controller.SellerProductController.productAddOrUpdate(java.lang.String,org.springframework.ui.ModelMap)
Mapped "{[/seller/login]}" onto public java.lang.String com.budongfeng.sell.controller.SellerUserController.loginPage(org.springframework.ui.ModelMap)
Mapped "{[/seller/doLogin],methods=[POST]}" onto public org.springframework.web.servlet.ModelAndView com.budongfeng.sell.controller.SellerUserController.login(java.lang.String,java.lang.String,javax.servlet.http.HttpServletResponse,org.springframework.ui.ModelMap)
Mapped "{[/seller/logout],methods=[GET]}" onto public java.lang.String com.budongfeng.sell.controller.SellerUserController.logout(javax.servlet.http.HttpServletRequest,javax.servlet.http.HttpServletResponse,org.springframework.ui.ModelMap)
Mapped "{[/wechat/userInfo],methods=[GET]}" onto public java.lang.String com.budongfeng.sell.controller.WechatController.userInfo(java.lang.String,java.lang.String)
Mapped "{[/wechat/qrAuthorize],methods=[GET]}" onto public java.lang.String com.budongfeng.sell.controller.WechatController.qrauthorize(java.lang.String)
Mapped "{[/wechat/authorize],methods=[GET]}" onto public java.lang.String com.budongfeng.sell.controller.WechatController.authorize(java.lang.String)
Mapped "{[/wechat/qrUserInfo],methods=[GET]}" onto public java.lang.String com.budongfeng.sell.controller.WechatController.quUserInfo(java.lang.String,java.lang.String)
Mapped "{[/weixin/auth],methods=[GET]}" onto public void com.budongfeng.sell.controller.WeiXinController.auth(java.lang.String)
Mapped "{[/error]}" onto public org.springframework.http.ResponseEntity<java.util.Map<java.lang.String, java.lang.Object>> org.springframework.boot.autoconfigure.web.BasicErrorController.error(javax.servlet.http.HttpServletRequest)
Mapped "{[/error],produces=[text/html]}" onto public org.springframework.web.servlet.ModelAndView org.springframework.boot.autoconfigure.web.BasicErrorController.errorHtml(javax.servlet.http.HttpServletRequest,javax.servlet.http.HttpServletResponse)
Mapped URL path [/webjars/**] onto handler of type [class org.springframework.web.servlet.resource.ResourceHttpRequestHandler]
Mapped URL path [/**] onto handler of type [class org.springframework.web.servlet.resource.ResourceHttpRequestHandler]
Detected @ExceptionHandler methods in sellerExceptionHandler
Mapped URL path [/**/favicon.ico] onto handler of type [class org.springframework.web.servlet.resource.ResourceHttpRequestHandler]
ClassTemplateLoader for Spring macros added to FreeMarker configuration
Registering @ServerEndpoint class: class com.budongfeng.sell.service.WebSocket
Registering beans for JMX exposure on startup
Initializing ProtocolHandler ["http-nio-8080"]
Starting ProtocolHandler ["http-nio-8080"]
Using a shared selector for servlet write/read
Tomcat started on port(s): 8080 (http)
Started SellApplication in 7.047 seconds (JVM running for 8.438)
Initializing Spring FrameworkServlet 'dispatcherServlet'
FrameworkServlet 'dispatcherServlet': initialization started
FrameworkServlet 'dispatcherServlet': initialization completed in 26 ms
@skill request, productId:123456
@skill request, productId:123456
@skill request, productId:123456
@skill request, productId:123456
@skill request, productId:123456
@skill request, productId:123456
@skill request, productId:123456
@skill request, productId:123456
@skill request, productId:123456
@skill request, productId:123456
@skill request, productId:123456
@skill request, productId:123456
@skill request, productId:123456
@skill request, productId:123456
@skill request, productId:123456
@skill request, productId:123456
@skill request, productId:123456
@skill request, productId:123456
@skill request, productId:123456
@skill request, productId:123456
@skill request, productId:123456
@skill request, productId:123456
@skill request, productId:123456
@skill request, productId:123456
@skill request, productId:123456
@skill request, productId:123456
@skill request, productId:123456
@skill request, productId:123456
@skill request, productId:123456
@skill request, productId:123456
@skill request, productId:123456
@skill request, productId:123456
@skill request, productId:123456
@skill request, productId:123456
@skill request, productId:123456
@skill request, productId:123456
@skill request, productId:123456
@skill request, productId:123456
@skill request, productId:123456
@skill request, productId:123456
@skill request, productId:123456
@skill request, productId:123456
@skill request, productId:123456
@skill request, productId:123456
@skill request, productId:123456
@skill request, productId:123456
@skill request, productId:123456
@skill request, productId:123456
@skill request, productId:123456
@skill request, productId:123456
@skill request, productId:123456
@skill request, productId:123456
@skill request, productId:123456
@skill request, productId:123456
@skill request, productId:123456
@skill request, productId:123456
@skill request, productId:123456
@skill request, productId:123456
@skill request, productId:123456
@skill request, productId:123456
@skill request, productId:123456
@skill request, productId:123456
@skill request, productId:123456
@skill request, productId:123456
@skill request, productId:123456
@skill request, productId:123456
@skill request, productId:123456
@skill request, productId:123456
@skill request, productId:123456
@skill request, productId:123456
@skill request, productId:123456
@skill request, productId:123456
@skill request, productId:123456
@skill request, productId:123456
@skill request, productId:123456
@skill request, productId:123456
@skill request, productId:123456
@skill request, productId:123456
@skill request, productId:123456
@skill request, productId:123456
@skill request, productId:123456
@skill request, productId:123456
@skill request, productId:123456
@skill request, productId:123456
@skill request, productId:123456
@skill request, productId:123456
@skill request, productId:123456
@skill request, productId:123456
@skill request, productId:123456
@skill request, productId:123456
@skill request, productId:123456
@skill request, productId:123456
@skill request, productId:123456
@skill request, productId:123456
@skill request, productId:123456
@skill request, productId:123456
@skill request, productId:123456
@skill request, productId:123456
@skill request, productId:123456
@skill request, productId:123456
@skill request, productId:123456
@skill request, productId:123456
@skill request, productId:123456
@skill request, productId:123456
@skill request, productId:123456
@skill request, productId:123456
@skill request, productId:123456
@skill request, productId:123456
@skill request, productId:123456
@skill request, productId:123456
@skill request, productId:123456
Starting SellApplication on 01HL2IXBWRWCH9B with PID 9856 (D:\myworkspace\sell\target\classes started by Administrator in D:\myworkspace\sell)
The following profiles are active: home
Refreshing org.springframework.boot.context.embedded.AnnotationConfigEmbeddedWebApplicationContext@33b1c5c5: startup date [Fri Dec 22 20:11:57 CST 2017]; root of context hierarchy
HV000001: Hibernate Validator 5.3.5.Final
Multiple Spring Data modules found, entering strict repository configuration mode!
Multiple Spring Data modules found, entering strict repository configuration mode!
Spring Data Redis - Could not safely identify store assignment for repository candidate interface com.budongfeng.sell.repository.ProductInfoRepository.
Spring Data Redis - Could not safely identify store assignment for repository candidate interface com.budongfeng.sell.repository.OrderMasterRepository.
Spring Data Redis - Could not safely identify store assignment for repository candidate interface com.budongfeng.sell.repository.ProductCategoryRepository.
Spring Data Redis - Could not safely identify store assignment for repository candidate interface com.budongfeng.sell.repository.SellerInfoRepository.
Spring Data Redis - Could not safely identify store assignment for repository candidate interface com.budongfeng.sell.repository.OrderDetailRepository.
JSR-330 'javax.inject.Inject' annotation found and supported for autowiring
Tomcat initialized with port(s): 8080 (http)
Starting service [Tomcat]
Starting Servlet Engine: Apache Tomcat/8.5.23
Initializing Spring embedded WebApplicationContext
Root WebApplicationContext: initialization completed in 2345 ms
Mapping servlet: 'dispatcherServlet' to [/]
Mapping filter: 'characterEncodingFilter' to: [/*]
Mapping filter: 'hiddenHttpMethodFilter' to: [/*]
Mapping filter: 'httpPutFormContentFilter' to: [/*]
Mapping filter: 'requestContextFilter' to: [/*]
Building JPA container EntityManagerFactory for persistence unit 'default'
HHH000204: Processing PersistenceUnitInfo [
	name: default
	...]
HHH000412: Hibernate Core {5.0.12.Final}
HHH000206: hibernate.properties not found
HHH000021: Bytecode provider name : javassist
HCANN000001: Hibernate Commons Annotations {5.0.1.Final}
HHH000400: Using dialect: org.hibernate.dialect.MySQL5Dialect
Initialized JPA EntityManagerFactory for persistence unit 'default'
Looking for @ControllerAdvice: org.springframework.boot.context.embedded.AnnotationConfigEmbeddedWebApplicationContext@33b1c5c5: startup date [Fri Dec 22 20:11:57 CST 2017]; root of context hierarchy
Mapped "{[/buyer/order/list],methods=[GET]}" onto public com.budongfeng.sell.vo.ResultVo<java.util.List<com.budongfeng.sell.dto.OrderDTO>> com.budongfeng.sell.controller.BuyerOrderController.list(java.lang.String,java.lang.Integer,java.lang.Integer)
Mapped "{[/buyer/order/detail],methods=[GET]}" onto public com.budongfeng.sell.vo.ResultVo<com.budongfeng.sell.dto.OrderDTO> com.budongfeng.sell.controller.BuyerOrderController.detail(java.lang.String,java.lang.String)
Mapped "{[/buyer/order/cancel],methods=[POST]}" onto public com.budongfeng.sell.vo.ResultVo com.budongfeng.sell.controller.BuyerOrderController.cancel(java.lang.String,java.lang.String)
Mapped "{[/buyer/order/create],methods=[POST]}" onto public com.budongfeng.sell.vo.ResultVo<java.util.Map<java.lang.String, java.lang.String>> com.budongfeng.sell.controller.BuyerOrderController.creatOrder(com.budongfeng.sell.form.OrderForm,org.springframework.validation.BindingResult)
Mapped "{[/buyer/product/list]}" onto public com.budongfeng.sell.vo.ResultVo com.budongfeng.sell.controller.BuyerProductController.productList(java.lang.String)
Mapped "{[/seller/category/index],methods=[GET]}" onto public java.lang.String com.budongfeng.sell.controller.CategoryController.index(java.lang.Integer,org.springframework.ui.ModelMap)
Mapped "{[/seller/category/list],methods=[GET]}" onto public java.lang.String com.budongfeng.sell.controller.CategoryController.list(org.springframework.ui.ModelMap)
Mapped "{[/seller/category/save],methods=[POST]}" onto public java.lang.String com.budongfeng.sell.controller.CategoryController.catSaveOrUpdate(com.budongfeng.sell.form.CategoryForm,org.springframework.validation.BindingResult,org.springframework.ui.ModelMap)
Mapped "{[/pay/notify],methods=[POST]}" onto public org.springframework.web.servlet.ModelAndView com.budongfeng.sell.controller.PayController.notify(java.lang.String)
Mapped "{[/pay/create],methods=[GET]}" onto public org.springframework.web.servlet.ModelAndView com.budongfeng.sell.controller.PayController.create(java.lang.String,java.lang.String,java.util.Map<java.lang.String, java.lang.Object>)
Mapped "{[/skill/query/{productId}],methods=[GET]}" onto public java.lang.String com.budongfeng.sell.controller.SecKillController.query(java.lang.String) throws java.lang.Exception
Mapped "{[/skill/order/{productId}],methods=[GET]}" onto public java.lang.String com.budongfeng.sell.controller.SecKillController.skill(java.lang.String) throws java.lang.Exception
Mapped "{[/seller/order/list],methods=[GET]}" onto public java.lang.String com.budongfeng.sell.controller.SellerOrderController.list(java.lang.Integer,java.lang.Integer,org.springframework.ui.ModelMap)
Mapped "{[/seller/order/detail],methods=[GET]}" onto public java.lang.String com.budongfeng.sell.controller.SellerOrderController.detail(java.lang.String,org.springframework.ui.ModelMap)
Mapped "{[/seller/order/finish],methods=[GET]}" onto public java.lang.String com.budongfeng.sell.controller.SellerOrderController.finish(java.lang.String,org.springframework.ui.ModelMap)
Mapped "{[/seller/order/cancel],methods=[GET]}" onto public java.lang.String com.budongfeng.sell.controller.SellerOrderController.cancel(java.lang.String,org.springframework.ui.ModelMap)
Mapped "{[/seller/product/list]}" onto public java.lang.String com.budongfeng.sell.controller.SellerProductController.list(java.lang.Integer,java.lang.Integer,org.springframework.ui.ModelMap)
Mapped "{[/seller/product/save],methods=[POST]}" onto public java.lang.String com.budongfeng.sell.controller.SellerProductController.save(com.budongfeng.sell.form.ProductForm,org.springframework.validation.BindingResult,org.springframework.ui.ModelMap)
Mapped "{[/seller/product/index],methods=[GET]}" onto public java.lang.String com.budongfeng.sell.controller.SellerProductController.productAddOrUpdate(java.lang.String,org.springframework.ui.ModelMap)
Mapped "{[/seller/product/on_sale],methods=[GET]}" onto public java.lang.String com.budongfeng.sell.controller.SellerProductController.on_sale(java.lang.String,org.springframework.ui.ModelMap)
Mapped "{[/seller/product/off_sale],methods=[GET]}" onto public java.lang.String com.budongfeng.sell.controller.SellerProductController.off_sale(java.lang.String,org.springframework.ui.ModelMap)
Mapped "{[/seller/login]}" onto public java.lang.String com.budongfeng.sell.controller.SellerUserController.loginPage(org.springframework.ui.ModelMap)
Mapped "{[/seller/doLogin],methods=[POST]}" onto public org.springframework.web.servlet.ModelAndView com.budongfeng.sell.controller.SellerUserController.login(java.lang.String,java.lang.String,javax.servlet.http.HttpServletResponse,org.springframework.ui.ModelMap)
Mapped "{[/seller/logout],methods=[GET]}" onto public java.lang.String com.budongfeng.sell.controller.SellerUserController.logout(javax.servlet.http.HttpServletRequest,javax.servlet.http.HttpServletResponse,org.springframework.ui.ModelMap)
Mapped "{[/wechat/userInfo],methods=[GET]}" onto public java.lang.String com.budongfeng.sell.controller.WechatController.userInfo(java.lang.String,java.lang.String)
Mapped "{[/wechat/qrAuthorize],methods=[GET]}" onto public java.lang.String com.budongfeng.sell.controller.WechatController.qrauthorize(java.lang.String)
Mapped "{[/wechat/authorize],methods=[GET]}" onto public java.lang.String com.budongfeng.sell.controller.WechatController.authorize(java.lang.String)
Mapped "{[/wechat/qrUserInfo],methods=[GET]}" onto public java.lang.String com.budongfeng.sell.controller.WechatController.quUserInfo(java.lang.String,java.lang.String)
Mapped "{[/weixin/auth],methods=[GET]}" onto public void com.budongfeng.sell.controller.WeiXinController.auth(java.lang.String)
Mapped "{[/error]}" onto public org.springframework.http.ResponseEntity<java.util.Map<java.lang.String, java.lang.Object>> org.springframework.boot.autoconfigure.web.BasicErrorController.error(javax.servlet.http.HttpServletRequest)
Mapped "{[/error],produces=[text/html]}" onto public org.springframework.web.servlet.ModelAndView org.springframework.boot.autoconfigure.web.BasicErrorController.errorHtml(javax.servlet.http.HttpServletRequest,javax.servlet.http.HttpServletResponse)
Mapped URL path [/webjars/**] onto handler of type [class org.springframework.web.servlet.resource.ResourceHttpRequestHandler]
Mapped URL path [/**] onto handler of type [class org.springframework.web.servlet.resource.ResourceHttpRequestHandler]
Detected @ExceptionHandler methods in sellerExceptionHandler
Mapped URL path [/**/favicon.ico] onto handler of type [class org.springframework.web.servlet.resource.ResourceHttpRequestHandler]
ClassTemplateLoader for Spring macros added to FreeMarker configuration
Registering @ServerEndpoint class: class com.budongfeng.sell.service.WebSocket
Registering beans for JMX exposure on startup
Initializing ProtocolHandler ["http-nio-8080"]
Starting ProtocolHandler ["http-nio-8080"]
Using a shared selector for servlet write/read
Tomcat started on port(s): 8080 (http)
Started SellApplication in 6.889 seconds (JVM running for 7.658)
Initializing Spring FrameworkServlet 'dispatcherServlet'
FrameworkServlet 'dispatcherServlet': initialization started
FrameworkServlet 'dispatcherServlet': initialization completed in 26 ms
@skill request, productId:123456
@skill request, productId:123456
@skill request, productId:123456
@skill request, productId:123456
@skill request, productId:123456
@skill request, productId:123456
@skill request, productId:123456
@skill request, productId:123456
@skill request, productId:123456
@skill request, productId:123456
@skill request, productId:123456
@skill request, productId:123456
@skill request, productId:123456
@skill request, productId:123456
@skill request, productId:123456
@skill request, productId:123456
@skill request, productId:123456
@skill request, productId:123456
@skill request, productId:123456
@skill request, productId:123456
@skill request, productId:123456
@skill request, productId:123456
@skill request, productId:123456
@skill request, productId:123456
@skill request, productId:123456
@skill request, productId:123456
@skill request, productId:123456
@skill request, productId:123456
@skill request, productId:123456
@skill request, productId:123456
@skill request, productId:123456
@skill request, productId:123456
@skill request, productId:123456
@skill request, productId:123456
@skill request, productId:123456
@skill request, productId:123456
@skill request, productId:123456
@skill request, productId:123456
@skill request, productId:123456
@skill request, productId:123456
@skill request, productId:123456
@skill request, productId:123456
@skill request, productId:123456
@skill request, productId:123456
@skill request, productId:123456
@skill request, productId:123456
@skill request, productId:123456
@skill request, productId:123456
@skill request, productId:123456
@skill request, productId:123456
@skill request, productId:123456
@skill request, productId:123456
@skill request, productId:123456
@skill request, productId:123456
@skill request, productId:123456
@skill request, productId:123456
@skill request, productId:123456
@skill request, productId:123456
@skill request, productId:123456
@skill request, productId:123456
@skill request, productId:123456
@skill request, productId:123456
@skill request, productId:123456
@skill request, productId:123456
@skill request, productId:123456
@skill request, productId:123456
@skill request, productId:123456
@skill request, productId:123456
@skill request, productId:123456
@skill request, productId:123456
@skill request, productId:123456
@skill request, productId:123456
@skill request, productId:123456
@skill request, productId:123456
@skill request, productId:123456
@skill request, productId:123456
@skill request, productId:123456
@skill request, productId:123456
@skill request, productId:123456
@skill request, productId:123456
@skill request, productId:123456
@skill request, productId:123456
@skill request, productId:123456
@skill request, productId:123456
@skill request, productId:123456
@skill request, productId:123456
@skill request, productId:123456
@skill request, productId:123456
@skill request, productId:123456
@skill request, productId:123456
@skill request, productId:123456
@skill request, productId:123456
@skill request, productId:123456
@skill request, productId:123456
@skill request, productId:123456
@skill request, productId:123456
@skill request, productId:123456
@skill request, productId:123456
@skill request, productId:123456
@skill request, productId:123456
@skill request, productId:123456
@skill request, productId:123456
@skill request, productId:123456
@skill request, productId:123456
@skill request, productId:123456
@skill request, productId:123456
@skill request, productId:123456
@skill request, productId:123456
@skill request, productId:123456
@skill request, productId:123456
@skill request, productId:123456
