Starting SellApplication on 01HL2IXBWRWCH9B with PID 8548 (D:\myworkspace\sell\target\classes started by Administrator in D:\myworkspace\sell)
The following profiles are active: home
Refreshing org.springframework.boot.context.embedded.AnnotationConfigEmbeddedWebApplicationContext@e54303: startup date [Tue Nov 21 12:31:26 CST 2017]; root of context hierarchy
HV000001: Hibernate Validator 5.3.5.Final
JSR-330 'javax.inject.Inject' annotation found and supported for autowiring
Tomcat initialized with port(s): 8080 (http)
Starting service [Tomcat]
Starting Servlet Engine: Apache Tomcat/8.5.23
Initializing Spring embedded WebApplicationContext
Root WebApplicationContext: initialization completed in 5320 ms
Mapping servlet: 'dispatcherServlet' to [/]
Mapping filter: 'characterEncodingFilter' to: [/*]
Mapping filter: 'hiddenHttpMethodFilter' to: [/*]
Mapping filter: 'httpPutFormContentFilter' to: [/*]
Mapping filter: 'requestContextFilter' to: [/*]
Building JPA container EntityManagerFactory for persistence unit 'default'
HHH000204: Processing PersistenceUnitInfo [
	name: default
	...]
HHH000412: Hibernate Core {5.0.12.Final}
HHH000206: hibernate.properties not found
HHH000021: Bytecode provider name : javassist
HCANN000001: Hibernate Commons Annotations {5.0.1.Final}
HHH000400: Using dialect: org.hibernate.dialect.MySQL5Dialect
Initialized JPA EntityManagerFactory for persistence unit 'default'
Looking for @ControllerAdvice: org.springframework.boot.context.embedded.AnnotationConfigEmbeddedWebApplicationContext@e54303: startup date [Tue Nov 21 12:31:26 CST 2017]; root of context hierarchy
Mapped "{[/buyer/order/list],methods=[GET]}" onto public com.budongfeng.sell.vo.ResultVo<java.util.List<com.budongfeng.sell.dto.OrderDTO>> com.budongfeng.sell.controller.BuyerOrderController.list(java.lang.String,java.lang.Integer,java.lang.Integer)
Mapped "{[/buyer/order/detail],methods=[GET]}" onto public com.budongfeng.sell.vo.ResultVo<com.budongfeng.sell.dto.OrderDTO> com.budongfeng.sell.controller.BuyerOrderController.detail(java.lang.String,java.lang.String)
Mapped "{[/buyer/order/cancel],methods=[POST]}" onto public com.budongfeng.sell.vo.ResultVo com.budongfeng.sell.controller.BuyerOrderController.cancel(java.lang.String,java.lang.String)
Mapped "{[/buyer/order/create],methods=[POST]}" onto public com.budongfeng.sell.vo.ResultVo<java.util.Map<java.lang.String, java.lang.String>> com.budongfeng.sell.controller.BuyerOrderController.creatOrder(com.budongfeng.sell.form.OrderForm,org.springframework.validation.BindingResult)
Mapped "{[/buyer/product/list]}" onto public com.budongfeng.sell.vo.ResultVo com.budongfeng.sell.controller.BuyerProductController.productList()
Mapped "{[/pay/create],methods=[GET]}" onto public void com.budongfeng.sell.controller.PayController.create(java.lang.String,java.lang.String)
Mapped "{[/wechat/userInfo],methods=[GET]}" onto public java.lang.String com.budongfeng.sell.controller.WechatController.userInfo(java.lang.String,java.lang.String)
Mapped "{[/wechat/authorize],methods=[GET]}" onto public java.lang.String com.budongfeng.sell.controller.WechatController.authorize(java.lang.String)
Mapped "{[/weixin/auth],methods=[GET]}" onto public void com.budongfeng.sell.controller.WeiXinController.auth(java.lang.String)
Mapped "{[/error]}" onto public org.springframework.http.ResponseEntity<java.util.Map<java.lang.String, java.lang.Object>> org.springframework.boot.autoconfigure.web.BasicErrorController.error(javax.servlet.http.HttpServletRequest)
Mapped "{[/error],produces=[text/html]}" onto public org.springframework.web.servlet.ModelAndView org.springframework.boot.autoconfigure.web.BasicErrorController.errorHtml(javax.servlet.http.HttpServletRequest,javax.servlet.http.HttpServletResponse)
Mapped URL path [/webjars/**] onto handler of type [class org.springframework.web.servlet.resource.ResourceHttpRequestHandler]
Mapped URL path [/**] onto handler of type [class org.springframework.web.servlet.resource.ResourceHttpRequestHandler]
Mapped URL path [/**/favicon.ico] onto handler of type [class org.springframework.web.servlet.resource.ResourceHttpRequestHandler]
Registering beans for JMX exposure on startup
Initializing ProtocolHandler ["http-nio-8080"]
Starting ProtocolHandler ["http-nio-8080"]
Using a shared selector for servlet write/read
Tomcat started on port(s): 8080 (http)
Started SellApplication in 13.511 seconds (JVM running for 21.566)
Initializing Spring FrameworkServlet 'dispatcherServlet'
FrameworkServlet 'dispatcherServlet': initialization started
FrameworkServlet 'dispatcherServlet': initialization completed in 38 ms
HHH000397: Using ASTQueryTranslatorFactory
【微信网页授权】 获取code，result=https://open.weixin.qq.com/connect/oauth2/authorize?appid=wxe2878eec582f3dee&redirect_uri=http%3A%2F%2Fbudongfeng.tunnel.qydev.com%2Fsell%2Fwechat%2FuserInfo&response_type=code&scope=snsapi_base&state=http%3A%2F%2Fsell.com%2F%23%2F#wechat_redirect
【微信网页授权】 获取code，result=https://open.weixin.qq.com/connect/oauth2/authorize?appid=wxe2878eec582f3dee&redirect_uri=http%3A%2F%2Fbudongfeng.tunnel.qydev.com%2Fsell%2Fwechat%2FuserInfo&response_type=code&scope=snsapi_base&state=http%3A%2F%2Fwww.imooc.com#wechat_redirect
【微信网页授权】 获取code，result=https://open.weixin.qq.com/connect/oauth2/authorize?appid=wxe2878eec582f3dee&redirect_uri=http%3A%2F%2Fbudongfeng.tunnel.qydev.com%2Fsell%2Fwechat%2FuserInfo&response_type=code&scope=snsapi_base&state=http%3A%2F%2Fsell.com%2F%23%2F#wechat_redirect
Starting PayServiceImplTest on 01HL2IXBWRWCH9B with PID 9020 (started by Administrator in D:\myworkspace\sell)
The following profiles are active: home
Refreshing org.springframework.web.context.support.GenericWebApplicationContext@3a94964: startup date [Tue Nov 21 13:03:20 CST 2017]; root of context hierarchy
HV000001: Hibernate Validator 5.3.5.Final
JSR-330 'javax.inject.Inject' annotation found and supported for autowiring
Building JPA container EntityManagerFactory for persistence unit 'default'
HHH000204: Processing PersistenceUnitInfo [
	name: default
	...]
HHH000412: Hibernate Core {5.0.12.Final}
HHH000206: hibernate.properties not found
HHH000021: Bytecode provider name : javassist
HCANN000001: Hibernate Commons Annotations {5.0.1.Final}
HHH000400: Using dialect: org.hibernate.dialect.MySQL5Dialect
Initialized JPA EntityManagerFactory for persistence unit 'default'
Looking for @ControllerAdvice: org.springframework.web.context.support.GenericWebApplicationContext@3a94964: startup date [Tue Nov 21 13:03:20 CST 2017]; root of context hierarchy
Mapped "{[/buyer/order/list],methods=[GET]}" onto public com.budongfeng.sell.vo.ResultVo<java.util.List<com.budongfeng.sell.dto.OrderDTO>> com.budongfeng.sell.controller.BuyerOrderController.list(java.lang.String,java.lang.Integer,java.lang.Integer)
Mapped "{[/buyer/order/cancel],methods=[POST]}" onto public com.budongfeng.sell.vo.ResultVo com.budongfeng.sell.controller.BuyerOrderController.cancel(java.lang.String,java.lang.String)
Mapped "{[/buyer/order/detail],methods=[GET]}" onto public com.budongfeng.sell.vo.ResultVo<com.budongfeng.sell.dto.OrderDTO> com.budongfeng.sell.controller.BuyerOrderController.detail(java.lang.String,java.lang.String)
Mapped "{[/buyer/order/create],methods=[POST]}" onto public com.budongfeng.sell.vo.ResultVo<java.util.Map<java.lang.String, java.lang.String>> com.budongfeng.sell.controller.BuyerOrderController.creatOrder(com.budongfeng.sell.form.OrderForm,org.springframework.validation.BindingResult)
Mapped "{[/buyer/product/list]}" onto public com.budongfeng.sell.vo.ResultVo com.budongfeng.sell.controller.BuyerProductController.productList()
Mapped "{[/pay/create],methods=[GET]}" onto public void com.budongfeng.sell.controller.PayController.create(java.lang.String,java.lang.String)
Mapped "{[/wechat/userInfo],methods=[GET]}" onto public java.lang.String com.budongfeng.sell.controller.WechatController.userInfo(java.lang.String,java.lang.String)
Mapped "{[/wechat/authorize],methods=[GET]}" onto public java.lang.String com.budongfeng.sell.controller.WechatController.authorize(java.lang.String)
Mapped "{[/weixin/auth],methods=[GET]}" onto public void com.budongfeng.sell.controller.WeiXinController.auth(java.lang.String)
Mapped "{[/error]}" onto public org.springframework.http.ResponseEntity<java.util.Map<java.lang.String, java.lang.Object>> org.springframework.boot.autoconfigure.web.BasicErrorController.error(javax.servlet.http.HttpServletRequest)
Mapped "{[/error],produces=[text/html]}" onto public org.springframework.web.servlet.ModelAndView org.springframework.boot.autoconfigure.web.BasicErrorController.errorHtml(javax.servlet.http.HttpServletRequest,javax.servlet.http.HttpServletResponse)
Mapped URL path [/webjars/**] onto handler of type [class org.springframework.web.servlet.resource.ResourceHttpRequestHandler]
Mapped URL path [/**] onto handler of type [class org.springframework.web.servlet.resource.ResourceHttpRequestHandler]
Mapped URL path [/**/favicon.ico] onto handler of type [class org.springframework.web.servlet.resource.ResourceHttpRequestHandler]
Started PayServiceImplTest in 7.776 seconds (JVM running for 9.977)
HHH000397: Using ASTQueryTranslatorFactory
【微信支付】 request={
  "payTypeEnum": "WXPAY_H5",
  "orderId": "15106651120664691525",
  "orderAmount": 6.4,
  "orderName": "微信点餐订单",
  "openid": "o_LGFt2pj8eeXW1L6NAuGO9ioEFo"
}
【微信支付】 response={
  "appId": "wxe2878eec582f3dee",
  "timeStamp": "1511240609",
  "nonceStr": "8pwgRvzhFO2A2MR5",
  "packAge": "prepay_id\u003dwx201711211304291dbd94be470281013183",
  "signType": "MD5",
  "paySign": "86F7B9348B617CDFCF2E762A6B6EDF36"
}
Closing org.springframework.web.context.support.GenericWebApplicationContext@3a94964: startup date [Tue Nov 21 13:03:20 CST 2017]; root of context hierarchy
Closing JPA EntityManagerFactory for persistence unit 'default'
Starting PayServiceImplTest on 01HL2IXBWRWCH9B with PID 11300 (started by Administrator in D:\myworkspace\sell)
The following profiles are active: home
Refreshing org.springframework.web.context.support.GenericWebApplicationContext@b40bb6e: startup date [Tue Nov 21 13:42:50 CST 2017]; root of context hierarchy
HV000001: Hibernate Validator 5.3.5.Final
JSR-330 'javax.inject.Inject' annotation found and supported for autowiring
Building JPA container EntityManagerFactory for persistence unit 'default'
HHH000204: Processing PersistenceUnitInfo [
	name: default
	...]
HHH000412: Hibernate Core {5.0.12.Final}
HHH000206: hibernate.properties not found
HHH000021: Bytecode provider name : javassist
HCANN000001: Hibernate Commons Annotations {5.0.1.Final}
HHH000400: Using dialect: org.hibernate.dialect.MySQL5Dialect
Initialized JPA EntityManagerFactory for persistence unit 'default'
Looking for @ControllerAdvice: org.springframework.web.context.support.GenericWebApplicationContext@b40bb6e: startup date [Tue Nov 21 13:42:50 CST 2017]; root of context hierarchy
Mapped "{[/buyer/order/list],methods=[GET]}" onto public com.budongfeng.sell.vo.ResultVo<java.util.List<com.budongfeng.sell.dto.OrderDTO>> com.budongfeng.sell.controller.BuyerOrderController.list(java.lang.String,java.lang.Integer,java.lang.Integer)
Mapped "{[/buyer/order/cancel],methods=[POST]}" onto public com.budongfeng.sell.vo.ResultVo com.budongfeng.sell.controller.BuyerOrderController.cancel(java.lang.String,java.lang.String)
Mapped "{[/buyer/order/detail],methods=[GET]}" onto public com.budongfeng.sell.vo.ResultVo<com.budongfeng.sell.dto.OrderDTO> com.budongfeng.sell.controller.BuyerOrderController.detail(java.lang.String,java.lang.String)
Mapped "{[/buyer/order/create],methods=[POST]}" onto public com.budongfeng.sell.vo.ResultVo<java.util.Map<java.lang.String, java.lang.String>> com.budongfeng.sell.controller.BuyerOrderController.creatOrder(com.budongfeng.sell.form.OrderForm,org.springframework.validation.BindingResult)
Mapped "{[/buyer/product/list]}" onto public com.budongfeng.sell.vo.ResultVo com.budongfeng.sell.controller.BuyerProductController.productList()
Mapped "{[/pay/create],methods=[GET]}" onto public void com.budongfeng.sell.controller.PayController.create(java.lang.String,java.lang.String)
Mapped "{[/wechat/userInfo],methods=[GET]}" onto public java.lang.String com.budongfeng.sell.controller.WechatController.userInfo(java.lang.String,java.lang.String)
Mapped "{[/wechat/authorize],methods=[GET]}" onto public java.lang.String com.budongfeng.sell.controller.WechatController.authorize(java.lang.String)
Mapped "{[/weixin/auth],methods=[GET]}" onto public void com.budongfeng.sell.controller.WeiXinController.auth(java.lang.String)
Mapped "{[/error]}" onto public org.springframework.http.ResponseEntity<java.util.Map<java.lang.String, java.lang.Object>> org.springframework.boot.autoconfigure.web.BasicErrorController.error(javax.servlet.http.HttpServletRequest)
Mapped "{[/error],produces=[text/html]}" onto public org.springframework.web.servlet.ModelAndView org.springframework.boot.autoconfigure.web.BasicErrorController.errorHtml(javax.servlet.http.HttpServletRequest,javax.servlet.http.HttpServletResponse)
Mapped URL path [/webjars/**] onto handler of type [class org.springframework.web.servlet.resource.ResourceHttpRequestHandler]
Mapped URL path [/**] onto handler of type [class org.springframework.web.servlet.resource.ResourceHttpRequestHandler]
Mapped URL path [/**/favicon.ico] onto handler of type [class org.springframework.web.servlet.resource.ResourceHttpRequestHandler]
Started PayServiceImplTest in 14.98 seconds (JVM running for 16.235)
HHH000397: Using ASTQueryTranslatorFactory
【微信支付】 request={
  "payTypeEnum": "WXPAY_H5",
  "orderId": "15106651120664691525",
  "orderAmount": 6.4,
  "orderName": "微信点餐订单",
  "openid": "o_LGFt2pj8eeXW1L6NAuGO9ioEFo"
}
【微信支付】 response={
  "appId": "wxe2878eec582f3dee",
  "timeStamp": "1511242990",
  "nonceStr": "ht6Ou1PSs2gu5Yiv",
  "packAge": "prepay_id\u003dwx2017112113441023ff691cf20750088449",
  "signType": "MD5",
  "paySign": "4A27EF72131DA349A11025A1FC0D55C4"
}
Closing org.springframework.web.context.support.GenericWebApplicationContext@b40bb6e: startup date [Tue Nov 21 13:42:50 CST 2017]; root of context hierarchy
Closing JPA EntityManagerFactory for persistence unit 'default'
Starting SellApplication on 01HL2IXBWRWCH9B with PID 9680 (D:\myworkspace\sell\target\classes started by Administrator in D:\myworkspace\sell)
The following profiles are active: home
Refreshing org.springframework.boot.context.embedded.AnnotationConfigEmbeddedWebApplicationContext@77128536: startup date [Tue Nov 21 13:43:41 CST 2017]; root of context hierarchy
HV000001: Hibernate Validator 5.3.5.Final
JSR-330 'javax.inject.Inject' annotation found and supported for autowiring
Tomcat initialized with port(s): 8080 (http)
Starting service [Tomcat]
Starting Servlet Engine: Apache Tomcat/8.5.23
Initializing Spring embedded WebApplicationContext
Root WebApplicationContext: initialization completed in 2472 ms
Mapping servlet: 'dispatcherServlet' to [/]
Mapping filter: 'characterEncodingFilter' to: [/*]
Mapping filter: 'hiddenHttpMethodFilter' to: [/*]
Mapping filter: 'httpPutFormContentFilter' to: [/*]
Mapping filter: 'requestContextFilter' to: [/*]
Building JPA container EntityManagerFactory for persistence unit 'default'
HHH000204: Processing PersistenceUnitInfo [
	name: default
	...]
HHH000412: Hibernate Core {5.0.12.Final}
HHH000206: hibernate.properties not found
HHH000021: Bytecode provider name : javassist
HCANN000001: Hibernate Commons Annotations {5.0.1.Final}
HHH000400: Using dialect: org.hibernate.dialect.MySQL5Dialect
Initialized JPA EntityManagerFactory for persistence unit 'default'
Looking for @ControllerAdvice: org.springframework.boot.context.embedded.AnnotationConfigEmbeddedWebApplicationContext@77128536: startup date [Tue Nov 21 13:43:41 CST 2017]; root of context hierarchy
Mapped "{[/buyer/order/list],methods=[GET]}" onto public com.budongfeng.sell.vo.ResultVo<java.util.List<com.budongfeng.sell.dto.OrderDTO>> com.budongfeng.sell.controller.BuyerOrderController.list(java.lang.String,java.lang.Integer,java.lang.Integer)
Mapped "{[/buyer/order/detail],methods=[GET]}" onto public com.budongfeng.sell.vo.ResultVo<com.budongfeng.sell.dto.OrderDTO> com.budongfeng.sell.controller.BuyerOrderController.detail(java.lang.String,java.lang.String)
Mapped "{[/buyer/order/cancel],methods=[POST]}" onto public com.budongfeng.sell.vo.ResultVo com.budongfeng.sell.controller.BuyerOrderController.cancel(java.lang.String,java.lang.String)
Mapped "{[/buyer/order/create],methods=[POST]}" onto public com.budongfeng.sell.vo.ResultVo<java.util.Map<java.lang.String, java.lang.String>> com.budongfeng.sell.controller.BuyerOrderController.creatOrder(com.budongfeng.sell.form.OrderForm,org.springframework.validation.BindingResult)
Mapped "{[/buyer/product/list]}" onto public com.budongfeng.sell.vo.ResultVo com.budongfeng.sell.controller.BuyerProductController.productList()
Mapped "{[/pay/create],methods=[GET]}" onto public void com.budongfeng.sell.controller.PayController.create(java.lang.String,java.lang.String)
Mapped "{[/wechat/userInfo],methods=[GET]}" onto public java.lang.String com.budongfeng.sell.controller.WechatController.userInfo(java.lang.String,java.lang.String)
Mapped "{[/wechat/authorize],methods=[GET]}" onto public java.lang.String com.budongfeng.sell.controller.WechatController.authorize(java.lang.String)
Mapped "{[/weixin/auth],methods=[GET]}" onto public void com.budongfeng.sell.controller.WeiXinController.auth(java.lang.String)
Mapped "{[/error]}" onto public org.springframework.http.ResponseEntity<java.util.Map<java.lang.String, java.lang.Object>> org.springframework.boot.autoconfigure.web.BasicErrorController.error(javax.servlet.http.HttpServletRequest)
Mapped "{[/error],produces=[text/html]}" onto public org.springframework.web.servlet.ModelAndView org.springframework.boot.autoconfigure.web.BasicErrorController.errorHtml(javax.servlet.http.HttpServletRequest,javax.servlet.http.HttpServletResponse)
Mapped URL path [/webjars/**] onto handler of type [class org.springframework.web.servlet.resource.ResourceHttpRequestHandler]
Mapped URL path [/**] onto handler of type [class org.springframework.web.servlet.resource.ResourceHttpRequestHandler]
Mapped URL path [/**/favicon.ico] onto handler of type [class org.springframework.web.servlet.resource.ResourceHttpRequestHandler]
Registering beans for JMX exposure on startup
Initializing ProtocolHandler ["http-nio-8080"]
Starting ProtocolHandler ["http-nio-8080"]
Using a shared selector for servlet write/read
Tomcat started on port(s): 8080 (http)
Started SellApplication in 6.577 seconds (JVM running for 8.592)
Starting PayServiceImplTest on 01HL2IXBWRWCH9B with PID 9560 (started by Administrator in D:\myworkspace\sell)
The following profiles are active: home
Refreshing org.springframework.web.context.support.GenericWebApplicationContext@3a94964: startup date [Tue Nov 21 13:51:52 CST 2017]; root of context hierarchy
HV000001: Hibernate Validator 5.3.5.Final
JSR-330 'javax.inject.Inject' annotation found and supported for autowiring
Building JPA container EntityManagerFactory for persistence unit 'default'
HHH000204: Processing PersistenceUnitInfo [
	name: default
	...]
HHH000412: Hibernate Core {5.0.12.Final}
HHH000206: hibernate.properties not found
HHH000021: Bytecode provider name : javassist
HCANN000001: Hibernate Commons Annotations {5.0.1.Final}
HHH000400: Using dialect: org.hibernate.dialect.MySQL5Dialect
Initialized JPA EntityManagerFactory for persistence unit 'default'
Looking for @ControllerAdvice: org.springframework.web.context.support.GenericWebApplicationContext@3a94964: startup date [Tue Nov 21 13:51:52 CST 2017]; root of context hierarchy
Mapped "{[/buyer/order/list],methods=[GET]}" onto public com.budongfeng.sell.vo.ResultVo<java.util.List<com.budongfeng.sell.dto.OrderDTO>> com.budongfeng.sell.controller.BuyerOrderController.list(java.lang.String,java.lang.Integer,java.lang.Integer)
Mapped "{[/buyer/order/cancel],methods=[POST]}" onto public com.budongfeng.sell.vo.ResultVo com.budongfeng.sell.controller.BuyerOrderController.cancel(java.lang.String,java.lang.String)
Mapped "{[/buyer/order/detail],methods=[GET]}" onto public com.budongfeng.sell.vo.ResultVo<com.budongfeng.sell.dto.OrderDTO> com.budongfeng.sell.controller.BuyerOrderController.detail(java.lang.String,java.lang.String)
Mapped "{[/buyer/order/create],methods=[POST]}" onto public com.budongfeng.sell.vo.ResultVo<java.util.Map<java.lang.String, java.lang.String>> com.budongfeng.sell.controller.BuyerOrderController.creatOrder(com.budongfeng.sell.form.OrderForm,org.springframework.validation.BindingResult)
Mapped "{[/buyer/product/list]}" onto public com.budongfeng.sell.vo.ResultVo com.budongfeng.sell.controller.BuyerProductController.productList()
Mapped "{[/pay/create],methods=[GET]}" onto public void com.budongfeng.sell.controller.PayController.create(java.lang.String,java.lang.String)
Mapped "{[/wechat/userInfo],methods=[GET]}" onto public java.lang.String com.budongfeng.sell.controller.WechatController.userInfo(java.lang.String,java.lang.String)
Mapped "{[/wechat/authorize],methods=[GET]}" onto public java.lang.String com.budongfeng.sell.controller.WechatController.authorize(java.lang.String)
Mapped "{[/weixin/auth],methods=[GET]}" onto public void com.budongfeng.sell.controller.WeiXinController.auth(java.lang.String)
Mapped "{[/error]}" onto public org.springframework.http.ResponseEntity<java.util.Map<java.lang.String, java.lang.Object>> org.springframework.boot.autoconfigure.web.BasicErrorController.error(javax.servlet.http.HttpServletRequest)
Mapped "{[/error],produces=[text/html]}" onto public org.springframework.web.servlet.ModelAndView org.springframework.boot.autoconfigure.web.BasicErrorController.errorHtml(javax.servlet.http.HttpServletRequest,javax.servlet.http.HttpServletResponse)
Mapped URL path [/webjars/**] onto handler of type [class org.springframework.web.servlet.resource.ResourceHttpRequestHandler]
Mapped URL path [/**] onto handler of type [class org.springframework.web.servlet.resource.ResourceHttpRequestHandler]
Mapped URL path [/**/favicon.ico] onto handler of type [class org.springframework.web.servlet.resource.ResourceHttpRequestHandler]
Started PayServiceImplTest in 7.558 seconds (JVM running for 8.666)
HHH000397: Using ASTQueryTranslatorFactory
【微信支付】 request={
  "payTypeEnum": "WXPAY_H5",
  "orderId": "15106651120664691525",
  "orderAmount": 6.4,
  "orderName": "微信点餐订单",
  "openid": "o_LGFt2pj8eeXW1L6NAuGO9ioEFo"
}
【微信支付】 response={
  "appId": "wxe2878eec582f3dee",
  "timeStamp": "1511243521",
  "nonceStr": "tY3TYtb6WWxsSHMd",
  "packAge": "prepay_id\u003dwx20171121135300de8c143bd40241785560",
  "signType": "MD5",
  "paySign": "A4485CB6BF3726DEDB8BBD476B2712B1"
}
Closing org.springframework.web.context.support.GenericWebApplicationContext@3a94964: startup date [Tue Nov 21 13:51:52 CST 2017]; root of context hierarchy
Closing JPA EntityManagerFactory for persistence unit 'default'
Starting SellApplication on 01HL2IXBWRWCH9B with PID 11060 (D:\myworkspace\sell\target\classes started by Administrator in D:\myworkspace\sell)
The following profiles are active: home
Refreshing org.springframework.boot.context.embedded.AnnotationConfigEmbeddedWebApplicationContext@2f40e5db: startup date [Tue Nov 21 13:52:34 CST 2017]; root of context hierarchy
HV000001: Hibernate Validator 5.3.5.Final
JSR-330 'javax.inject.Inject' annotation found and supported for autowiring
Tomcat initialized with port(s): 8080 (http)
Starting service [Tomcat]
Starting Servlet Engine: Apache Tomcat/8.5.23
Initializing Spring embedded WebApplicationContext
Root WebApplicationContext: initialization completed in 1599 ms
Mapping servlet: 'dispatcherServlet' to [/]
Mapping filter: 'characterEncodingFilter' to: [/*]
Mapping filter: 'hiddenHttpMethodFilter' to: [/*]
Mapping filter: 'httpPutFormContentFilter' to: [/*]
Mapping filter: 'requestContextFilter' to: [/*]
Building JPA container EntityManagerFactory for persistence unit 'default'
HHH000204: Processing PersistenceUnitInfo [
	name: default
	...]
HHH000412: Hibernate Core {5.0.12.Final}
HHH000206: hibernate.properties not found
HHH000021: Bytecode provider name : javassist
HCANN000001: Hibernate Commons Annotations {5.0.1.Final}
HHH000400: Using dialect: org.hibernate.dialect.MySQL5Dialect
Initialized JPA EntityManagerFactory for persistence unit 'default'
Looking for @ControllerAdvice: org.springframework.boot.context.embedded.AnnotationConfigEmbeddedWebApplicationContext@2f40e5db: startup date [Tue Nov 21 13:52:34 CST 2017]; root of context hierarchy
Mapped "{[/buyer/order/list],methods=[GET]}" onto public com.budongfeng.sell.vo.ResultVo<java.util.List<com.budongfeng.sell.dto.OrderDTO>> com.budongfeng.sell.controller.BuyerOrderController.list(java.lang.String,java.lang.Integer,java.lang.Integer)
Mapped "{[/buyer/order/cancel],methods=[POST]}" onto public com.budongfeng.sell.vo.ResultVo com.budongfeng.sell.controller.BuyerOrderController.cancel(java.lang.String,java.lang.String)
Mapped "{[/buyer/order/detail],methods=[GET]}" onto public com.budongfeng.sell.vo.ResultVo<com.budongfeng.sell.dto.OrderDTO> com.budongfeng.sell.controller.BuyerOrderController.detail(java.lang.String,java.lang.String)
Mapped "{[/buyer/order/create],methods=[POST]}" onto public com.budongfeng.sell.vo.ResultVo<java.util.Map<java.lang.String, java.lang.String>> com.budongfeng.sell.controller.BuyerOrderController.creatOrder(com.budongfeng.sell.form.OrderForm,org.springframework.validation.BindingResult)
Mapped "{[/buyer/product/list]}" onto public com.budongfeng.sell.vo.ResultVo com.budongfeng.sell.controller.BuyerProductController.productList()
Mapped "{[/pay/create],methods=[GET]}" onto public void com.budongfeng.sell.controller.PayController.create(java.lang.String,java.lang.String)
Mapped "{[/wechat/userInfo],methods=[GET]}" onto public java.lang.String com.budongfeng.sell.controller.WechatController.userInfo(java.lang.String,java.lang.String)
Mapped "{[/wechat/authorize],methods=[GET]}" onto public java.lang.String com.budongfeng.sell.controller.WechatController.authorize(java.lang.String)
Mapped "{[/weixin/auth],methods=[GET]}" onto public void com.budongfeng.sell.controller.WeiXinController.auth(java.lang.String)
Mapped "{[/error]}" onto public org.springframework.http.ResponseEntity<java.util.Map<java.lang.String, java.lang.Object>> org.springframework.boot.autoconfigure.web.BasicErrorController.error(javax.servlet.http.HttpServletRequest)
Mapped "{[/error],produces=[text/html]}" onto public org.springframework.web.servlet.ModelAndView org.springframework.boot.autoconfigure.web.BasicErrorController.errorHtml(javax.servlet.http.HttpServletRequest,javax.servlet.http.HttpServletResponse)
Mapped URL path [/webjars/**] onto handler of type [class org.springframework.web.servlet.resource.ResourceHttpRequestHandler]
Mapped URL path [/**] onto handler of type [class org.springframework.web.servlet.resource.ResourceHttpRequestHandler]
Mapped URL path [/**/favicon.ico] onto handler of type [class org.springframework.web.servlet.resource.ResourceHttpRequestHandler]
Registering beans for JMX exposure on startup
Initializing ProtocolHandler ["http-nio-8080"]
Starting ProtocolHandler ["http-nio-8080"]
Using a shared selector for servlet write/read
Tomcat started on port(s): 8080 (http)
Started SellApplication in 5.149 seconds (JVM running for 5.906)
Initializing Spring FrameworkServlet 'dispatcherServlet'
FrameworkServlet 'dispatcherServlet': initialization started
FrameworkServlet 'dispatcherServlet': initialization completed in 31 ms
Starting PayServiceImplTest on 01HL2IXBWRWCH9B with PID 9092 (started by Administrator in D:\myworkspace\sell)
The following profiles are active: home
Refreshing org.springframework.web.context.support.GenericWebApplicationContext@b40bb6e: startup date [Tue Nov 21 14:08:52 CST 2017]; root of context hierarchy
HV000001: Hibernate Validator 5.3.5.Final
JSR-330 'javax.inject.Inject' annotation found and supported for autowiring
Building JPA container EntityManagerFactory for persistence unit 'default'
HHH000204: Processing PersistenceUnitInfo [
	name: default
	...]
HHH000412: Hibernate Core {5.0.12.Final}
HHH000206: hibernate.properties not found
HHH000021: Bytecode provider name : javassist
HCANN000001: Hibernate Commons Annotations {5.0.1.Final}
HHH000400: Using dialect: org.hibernate.dialect.MySQL5Dialect
Initialized JPA EntityManagerFactory for persistence unit 'default'
Looking for @ControllerAdvice: org.springframework.web.context.support.GenericWebApplicationContext@b40bb6e: startup date [Tue Nov 21 14:08:52 CST 2017]; root of context hierarchy
Mapped "{[/buyer/order/list],methods=[GET]}" onto public com.budongfeng.sell.vo.ResultVo<java.util.List<com.budongfeng.sell.dto.OrderDTO>> com.budongfeng.sell.controller.BuyerOrderController.list(java.lang.String,java.lang.Integer,java.lang.Integer)
Mapped "{[/buyer/order/cancel],methods=[POST]}" onto public com.budongfeng.sell.vo.ResultVo com.budongfeng.sell.controller.BuyerOrderController.cancel(java.lang.String,java.lang.String)
Mapped "{[/buyer/order/detail],methods=[GET]}" onto public com.budongfeng.sell.vo.ResultVo<com.budongfeng.sell.dto.OrderDTO> com.budongfeng.sell.controller.BuyerOrderController.detail(java.lang.String,java.lang.String)
Mapped "{[/buyer/order/create],methods=[POST]}" onto public com.budongfeng.sell.vo.ResultVo<java.util.Map<java.lang.String, java.lang.String>> com.budongfeng.sell.controller.BuyerOrderController.creatOrder(com.budongfeng.sell.form.OrderForm,org.springframework.validation.BindingResult)
Mapped "{[/buyer/product/list]}" onto public com.budongfeng.sell.vo.ResultVo com.budongfeng.sell.controller.BuyerProductController.productList()
Mapped "{[/pay/create],methods=[GET]}" onto public void com.budongfeng.sell.controller.PayController.create(java.lang.String,java.lang.String)
Mapped "{[/wechat/userInfo],methods=[GET]}" onto public java.lang.String com.budongfeng.sell.controller.WechatController.userInfo(java.lang.String,java.lang.String)
Mapped "{[/wechat/authorize],methods=[GET]}" onto public java.lang.String com.budongfeng.sell.controller.WechatController.authorize(java.lang.String)
Mapped "{[/weixin/auth],methods=[GET]}" onto public void com.budongfeng.sell.controller.WeiXinController.auth(java.lang.String)
Mapped "{[/error]}" onto public org.springframework.http.ResponseEntity<java.util.Map<java.lang.String, java.lang.Object>> org.springframework.boot.autoconfigure.web.BasicErrorController.error(javax.servlet.http.HttpServletRequest)
Mapped "{[/error],produces=[text/html]}" onto public org.springframework.web.servlet.ModelAndView org.springframework.boot.autoconfigure.web.BasicErrorController.errorHtml(javax.servlet.http.HttpServletRequest,javax.servlet.http.HttpServletResponse)
Mapped URL path [/webjars/**] onto handler of type [class org.springframework.web.servlet.resource.ResourceHttpRequestHandler]
Mapped URL path [/**] onto handler of type [class org.springframework.web.servlet.resource.ResourceHttpRequestHandler]
Mapped URL path [/**/favicon.ico] onto handler of type [class org.springframework.web.servlet.resource.ResourceHttpRequestHandler]
Started PayServiceImplTest in 7.271 seconds (JVM running for 8.445)
HHH000397: Using ASTQueryTranslatorFactory
【微信支付】 request={
  "payTypeEnum": "WXPAY_H5",
  "orderId": "15106651120664691525",
  "orderAmount": 0.01,
  "orderName": "微信点餐订单",
  "openid": "o_LGFt2pj8eeXW1L6NAuGO9ioEFo"
}
Closing org.springframework.web.context.support.GenericWebApplicationContext@b40bb6e: startup date [Tue Nov 21 14:08:52 CST 2017]; root of context hierarchy
Closing JPA EntityManagerFactory for persistence unit 'default'
Starting PayServiceImplTest on 01HL2IXBWRWCH9B with PID 9824 (started by Administrator in D:\myworkspace\sell)
The following profiles are active: home
Refreshing org.springframework.web.context.support.GenericWebApplicationContext@b40bb6e: startup date [Tue Nov 21 14:09:56 CST 2017]; root of context hierarchy
HV000001: Hibernate Validator 5.3.5.Final
JSR-330 'javax.inject.Inject' annotation found and supported for autowiring
Building JPA container EntityManagerFactory for persistence unit 'default'
HHH000204: Processing PersistenceUnitInfo [
	name: default
	...]
HHH000412: Hibernate Core {5.0.12.Final}
HHH000206: hibernate.properties not found
HHH000021: Bytecode provider name : javassist
HCANN000001: Hibernate Commons Annotations {5.0.1.Final}
HHH000400: Using dialect: org.hibernate.dialect.MySQL5Dialect
Initialized JPA EntityManagerFactory for persistence unit 'default'
Looking for @ControllerAdvice: org.springframework.web.context.support.GenericWebApplicationContext@b40bb6e: startup date [Tue Nov 21 14:09:56 CST 2017]; root of context hierarchy
Mapped "{[/buyer/order/list],methods=[GET]}" onto public com.budongfeng.sell.vo.ResultVo<java.util.List<com.budongfeng.sell.dto.OrderDTO>> com.budongfeng.sell.controller.BuyerOrderController.list(java.lang.String,java.lang.Integer,java.lang.Integer)
Mapped "{[/buyer/order/cancel],methods=[POST]}" onto public com.budongfeng.sell.vo.ResultVo com.budongfeng.sell.controller.BuyerOrderController.cancel(java.lang.String,java.lang.String)
Mapped "{[/buyer/order/detail],methods=[GET]}" onto public com.budongfeng.sell.vo.ResultVo<com.budongfeng.sell.dto.OrderDTO> com.budongfeng.sell.controller.BuyerOrderController.detail(java.lang.String,java.lang.String)
Mapped "{[/buyer/order/create],methods=[POST]}" onto public com.budongfeng.sell.vo.ResultVo<java.util.Map<java.lang.String, java.lang.String>> com.budongfeng.sell.controller.BuyerOrderController.creatOrder(com.budongfeng.sell.form.OrderForm,org.springframework.validation.BindingResult)
Mapped "{[/buyer/product/list]}" onto public com.budongfeng.sell.vo.ResultVo com.budongfeng.sell.controller.BuyerProductController.productList()
Mapped "{[/pay/create],methods=[GET]}" onto public void com.budongfeng.sell.controller.PayController.create(java.lang.String,java.lang.String)
Mapped "{[/wechat/userInfo],methods=[GET]}" onto public java.lang.String com.budongfeng.sell.controller.WechatController.userInfo(java.lang.String,java.lang.String)
Mapped "{[/wechat/authorize],methods=[GET]}" onto public java.lang.String com.budongfeng.sell.controller.WechatController.authorize(java.lang.String)
Mapped "{[/weixin/auth],methods=[GET]}" onto public void com.budongfeng.sell.controller.WeiXinController.auth(java.lang.String)
Mapped "{[/error]}" onto public org.springframework.http.ResponseEntity<java.util.Map<java.lang.String, java.lang.Object>> org.springframework.boot.autoconfigure.web.BasicErrorController.error(javax.servlet.http.HttpServletRequest)
Mapped "{[/error],produces=[text/html]}" onto public org.springframework.web.servlet.ModelAndView org.springframework.boot.autoconfigure.web.BasicErrorController.errorHtml(javax.servlet.http.HttpServletRequest,javax.servlet.http.HttpServletResponse)
Mapped URL path [/webjars/**] onto handler of type [class org.springframework.web.servlet.resource.ResourceHttpRequestHandler]
Mapped URL path [/**] onto handler of type [class org.springframework.web.servlet.resource.ResourceHttpRequestHandler]
Mapped URL path [/**/favicon.ico] onto handler of type [class org.springframework.web.servlet.resource.ResourceHttpRequestHandler]
Started PayServiceImplTest in 7.427 seconds (JVM running for 8.457)
HHH000397: Using ASTQueryTranslatorFactory
Closing org.springframework.web.context.support.GenericWebApplicationContext@b40bb6e: startup date [Tue Nov 21 14:09:56 CST 2017]; root of context hierarchy
Closing JPA EntityManagerFactory for persistence unit 'default'
Starting PayServiceImplTest on 01HL2IXBWRWCH9B with PID 8364 (started by Administrator in D:\myworkspace\sell)
The following profiles are active: home
Refreshing org.springframework.web.context.support.GenericWebApplicationContext@b40bb6e: startup date [Tue Nov 21 14:11:24 CST 2017]; root of context hierarchy
HV000001: Hibernate Validator 5.3.5.Final
JSR-330 'javax.inject.Inject' annotation found and supported for autowiring
Building JPA container EntityManagerFactory for persistence unit 'default'
HHH000204: Processing PersistenceUnitInfo [
	name: default
	...]
HHH000412: Hibernate Core {5.0.12.Final}
HHH000206: hibernate.properties not found
HHH000021: Bytecode provider name : javassist
HCANN000001: Hibernate Commons Annotations {5.0.1.Final}
HHH000400: Using dialect: org.hibernate.dialect.MySQL5Dialect
Initialized JPA EntityManagerFactory for persistence unit 'default'
Looking for @ControllerAdvice: org.springframework.web.context.support.GenericWebApplicationContext@b40bb6e: startup date [Tue Nov 21 14:11:24 CST 2017]; root of context hierarchy
Mapped "{[/buyer/order/list],methods=[GET]}" onto public com.budongfeng.sell.vo.ResultVo<java.util.List<com.budongfeng.sell.dto.OrderDTO>> com.budongfeng.sell.controller.BuyerOrderController.list(java.lang.String,java.lang.Integer,java.lang.Integer)
Mapped "{[/buyer/order/cancel],methods=[POST]}" onto public com.budongfeng.sell.vo.ResultVo com.budongfeng.sell.controller.BuyerOrderController.cancel(java.lang.String,java.lang.String)
Mapped "{[/buyer/order/detail],methods=[GET]}" onto public com.budongfeng.sell.vo.ResultVo<com.budongfeng.sell.dto.OrderDTO> com.budongfeng.sell.controller.BuyerOrderController.detail(java.lang.String,java.lang.String)
Mapped "{[/buyer/order/create],methods=[POST]}" onto public com.budongfeng.sell.vo.ResultVo<java.util.Map<java.lang.String, java.lang.String>> com.budongfeng.sell.controller.BuyerOrderController.creatOrder(com.budongfeng.sell.form.OrderForm,org.springframework.validation.BindingResult)
Mapped "{[/buyer/product/list]}" onto public com.budongfeng.sell.vo.ResultVo com.budongfeng.sell.controller.BuyerProductController.productList()
Mapped "{[/pay/create],methods=[GET]}" onto public void com.budongfeng.sell.controller.PayController.create(java.lang.String,java.lang.String)
Mapped "{[/wechat/userInfo],methods=[GET]}" onto public java.lang.String com.budongfeng.sell.controller.WechatController.userInfo(java.lang.String,java.lang.String)
Mapped "{[/wechat/authorize],methods=[GET]}" onto public java.lang.String com.budongfeng.sell.controller.WechatController.authorize(java.lang.String)
Mapped "{[/weixin/auth],methods=[GET]}" onto public void com.budongfeng.sell.controller.WeiXinController.auth(java.lang.String)
Mapped "{[/error]}" onto public org.springframework.http.ResponseEntity<java.util.Map<java.lang.String, java.lang.Object>> org.springframework.boot.autoconfigure.web.BasicErrorController.error(javax.servlet.http.HttpServletRequest)
Mapped "{[/error],produces=[text/html]}" onto public org.springframework.web.servlet.ModelAndView org.springframework.boot.autoconfigure.web.BasicErrorController.errorHtml(javax.servlet.http.HttpServletRequest,javax.servlet.http.HttpServletResponse)
Mapped URL path [/webjars/**] onto handler of type [class org.springframework.web.servlet.resource.ResourceHttpRequestHandler]
Mapped URL path [/**] onto handler of type [class org.springframework.web.servlet.resource.ResourceHttpRequestHandler]
Mapped URL path [/**/favicon.ico] onto handler of type [class org.springframework.web.servlet.resource.ResourceHttpRequestHandler]
Started PayServiceImplTest in 8.172 seconds (JVM running for 9.194)
HHH000397: Using ASTQueryTranslatorFactory
【微信支付】 request={
  "payTypeEnum": "WXPAY_H5",
  "orderId": "15106651120664691526",
  "orderAmount": 0.01,
  "orderName": "微信点餐订单",
  "openid": "o_LGFt2pj8eeXW1L6NAuGO9ioEFo"
}
【微信支付】 response={
  "appId": "wxe2878eec582f3dee",
  "timeStamp": "1511244693",
  "nonceStr": "WeTjdunoqt7EMqvO",
  "packAge": "prepay_id\u003dwx20171121141233b78b1444830957567033",
  "signType": "MD5",
  "paySign": "9D72B5313F1C3E9CF64367E7C9D4D9F3"
}
Closing org.springframework.web.context.support.GenericWebApplicationContext@b40bb6e: startup date [Tue Nov 21 14:11:24 CST 2017]; root of context hierarchy
Closing JPA EntityManagerFactory for persistence unit 'default'
Starting SellApplication on 01HL2IXBWRWCH9B with PID 6832 (D:\myworkspace\sell\target\classes started by Administrator in D:\myworkspace\sell)
The following profiles are active: home
Refreshing org.springframework.boot.context.embedded.AnnotationConfigEmbeddedWebApplicationContext@2f40e5db: startup date [Tue Nov 21 14:13:21 CST 2017]; root of context hierarchy
HV000001: Hibernate Validator 5.3.5.Final
JSR-330 'javax.inject.Inject' annotation found and supported for autowiring
Tomcat initialized with port(s): 8080 (http)
Starting service [Tomcat]
Starting Servlet Engine: Apache Tomcat/8.5.23
Initializing Spring embedded WebApplicationContext
Root WebApplicationContext: initialization completed in 1707 ms
Mapping servlet: 'dispatcherServlet' to [/]
Mapping filter: 'characterEncodingFilter' to: [/*]
Mapping filter: 'hiddenHttpMethodFilter' to: [/*]
Mapping filter: 'httpPutFormContentFilter' to: [/*]
Mapping filter: 'requestContextFilter' to: [/*]
Building JPA container EntityManagerFactory for persistence unit 'default'
HHH000204: Processing PersistenceUnitInfo [
	name: default
	...]
HHH000412: Hibernate Core {5.0.12.Final}
HHH000206: hibernate.properties not found
HHH000021: Bytecode provider name : javassist
HCANN000001: Hibernate Commons Annotations {5.0.1.Final}
HHH000400: Using dialect: org.hibernate.dialect.MySQL5Dialect
Initialized JPA EntityManagerFactory for persistence unit 'default'
Looking for @ControllerAdvice: org.springframework.boot.context.embedded.AnnotationConfigEmbeddedWebApplicationContext@2f40e5db: startup date [Tue Nov 21 14:13:21 CST 2017]; root of context hierarchy
Mapped "{[/buyer/order/list],methods=[GET]}" onto public com.budongfeng.sell.vo.ResultVo<java.util.List<com.budongfeng.sell.dto.OrderDTO>> com.budongfeng.sell.controller.BuyerOrderController.list(java.lang.String,java.lang.Integer,java.lang.Integer)
Mapped "{[/buyer/order/cancel],methods=[POST]}" onto public com.budongfeng.sell.vo.ResultVo com.budongfeng.sell.controller.BuyerOrderController.cancel(java.lang.String,java.lang.String)
Mapped "{[/buyer/order/detail],methods=[GET]}" onto public com.budongfeng.sell.vo.ResultVo<com.budongfeng.sell.dto.OrderDTO> com.budongfeng.sell.controller.BuyerOrderController.detail(java.lang.String,java.lang.String)
Mapped "{[/buyer/order/create],methods=[POST]}" onto public com.budongfeng.sell.vo.ResultVo<java.util.Map<java.lang.String, java.lang.String>> com.budongfeng.sell.controller.BuyerOrderController.creatOrder(com.budongfeng.sell.form.OrderForm,org.springframework.validation.BindingResult)
Mapped "{[/buyer/product/list]}" onto public com.budongfeng.sell.vo.ResultVo com.budongfeng.sell.controller.BuyerProductController.productList()
Mapped "{[/pay/create],methods=[GET]}" onto public void com.budongfeng.sell.controller.PayController.create(java.lang.String,java.lang.String)
Mapped "{[/wechat/userInfo],methods=[GET]}" onto public java.lang.String com.budongfeng.sell.controller.WechatController.userInfo(java.lang.String,java.lang.String)
Mapped "{[/wechat/authorize],methods=[GET]}" onto public java.lang.String com.budongfeng.sell.controller.WechatController.authorize(java.lang.String)
Mapped "{[/weixin/auth],methods=[GET]}" onto public void com.budongfeng.sell.controller.WeiXinController.auth(java.lang.String)
Mapped "{[/error]}" onto public org.springframework.http.ResponseEntity<java.util.Map<java.lang.String, java.lang.Object>> org.springframework.boot.autoconfigure.web.BasicErrorController.error(javax.servlet.http.HttpServletRequest)
Mapped "{[/error],produces=[text/html]}" onto public org.springframework.web.servlet.ModelAndView org.springframework.boot.autoconfigure.web.BasicErrorController.errorHtml(javax.servlet.http.HttpServletRequest,javax.servlet.http.HttpServletResponse)
Mapped URL path [/webjars/**] onto handler of type [class org.springframework.web.servlet.resource.ResourceHttpRequestHandler]
Mapped URL path [/**] onto handler of type [class org.springframework.web.servlet.resource.ResourceHttpRequestHandler]
Mapped URL path [/**/favicon.ico] onto handler of type [class org.springframework.web.servlet.resource.ResourceHttpRequestHandler]
Registering beans for JMX exposure on startup
Initializing ProtocolHandler ["http-nio-8080"]
Starting ProtocolHandler ["http-nio-8080"]
Using a shared selector for servlet write/read
Tomcat started on port(s): 8080 (http)
Started SellApplication in 5.503 seconds (JVM running for 6.262)
Initializing Spring FrameworkServlet 'dispatcherServlet'
FrameworkServlet 'dispatcherServlet': initialization started
FrameworkServlet 'dispatcherServlet': initialization completed in 36 ms
Starting SellApplication on 01HL2IXBWRWCH9B with PID 11252 (D:\myworkspace\sell\target\classes started by Administrator in D:\myworkspace\sell)
The following profiles are active: home
Refreshing org.springframework.boot.context.embedded.AnnotationConfigEmbeddedWebApplicationContext@e54303: startup date [Tue Nov 21 14:38:33 CST 2017]; root of context hierarchy
HV000001: Hibernate Validator 5.3.5.Final
JSR-330 'javax.inject.Inject' annotation found and supported for autowiring
Tomcat initialized with port(s): 8080 (http)
Starting service [Tomcat]
Starting Servlet Engine: Apache Tomcat/8.5.23
Initializing Spring embedded WebApplicationContext
Root WebApplicationContext: initialization completed in 1768 ms
Mapping servlet: 'dispatcherServlet' to [/]
Mapping filter: 'characterEncodingFilter' to: [/*]
Mapping filter: 'hiddenHttpMethodFilter' to: [/*]
Mapping filter: 'httpPutFormContentFilter' to: [/*]
Mapping filter: 'requestContextFilter' to: [/*]
Building JPA container EntityManagerFactory for persistence unit 'default'
HHH000204: Processing PersistenceUnitInfo [
	name: default
	...]
HHH000412: Hibernate Core {5.0.12.Final}
HHH000206: hibernate.properties not found
HHH000021: Bytecode provider name : javassist
HCANN000001: Hibernate Commons Annotations {5.0.1.Final}
HHH000400: Using dialect: org.hibernate.dialect.MySQL5Dialect
Initialized JPA EntityManagerFactory for persistence unit 'default'
Looking for @ControllerAdvice: org.springframework.boot.context.embedded.AnnotationConfigEmbeddedWebApplicationContext@e54303: startup date [Tue Nov 21 14:38:33 CST 2017]; root of context hierarchy
Mapped "{[/buyer/order/list],methods=[GET]}" onto public com.budongfeng.sell.vo.ResultVo<java.util.List<com.budongfeng.sell.dto.OrderDTO>> com.budongfeng.sell.controller.BuyerOrderController.list(java.lang.String,java.lang.Integer,java.lang.Integer)
Mapped "{[/buyer/order/detail],methods=[GET]}" onto public com.budongfeng.sell.vo.ResultVo<com.budongfeng.sell.dto.OrderDTO> com.budongfeng.sell.controller.BuyerOrderController.detail(java.lang.String,java.lang.String)
Mapped "{[/buyer/order/cancel],methods=[POST]}" onto public com.budongfeng.sell.vo.ResultVo com.budongfeng.sell.controller.BuyerOrderController.cancel(java.lang.String,java.lang.String)
Mapped "{[/buyer/order/create],methods=[POST]}" onto public com.budongfeng.sell.vo.ResultVo<java.util.Map<java.lang.String, java.lang.String>> com.budongfeng.sell.controller.BuyerOrderController.creatOrder(com.budongfeng.sell.form.OrderForm,org.springframework.validation.BindingResult)
Mapped "{[/buyer/product/list]}" onto public com.budongfeng.sell.vo.ResultVo com.budongfeng.sell.controller.BuyerProductController.productList()
Mapped "{[/pay/create],methods=[GET]}" onto public org.springframework.web.servlet.ModelAndView com.budongfeng.sell.controller.PayController.create(java.lang.String,java.lang.String)
Mapped "{[/wechat/userInfo],methods=[GET]}" onto public java.lang.String com.budongfeng.sell.controller.WechatController.userInfo(java.lang.String,java.lang.String)
Mapped "{[/wechat/authorize],methods=[GET]}" onto public java.lang.String com.budongfeng.sell.controller.WechatController.authorize(java.lang.String)
Mapped "{[/weixin/auth],methods=[GET]}" onto public void com.budongfeng.sell.controller.WeiXinController.auth(java.lang.String)
Mapped "{[/error]}" onto public org.springframework.http.ResponseEntity<java.util.Map<java.lang.String, java.lang.Object>> org.springframework.boot.autoconfigure.web.BasicErrorController.error(javax.servlet.http.HttpServletRequest)
Mapped "{[/error],produces=[text/html]}" onto public org.springframework.web.servlet.ModelAndView org.springframework.boot.autoconfigure.web.BasicErrorController.errorHtml(javax.servlet.http.HttpServletRequest,javax.servlet.http.HttpServletResponse)
Mapped URL path [/webjars/**] onto handler of type [class org.springframework.web.servlet.resource.ResourceHttpRequestHandler]
Mapped URL path [/**] onto handler of type [class org.springframework.web.servlet.resource.ResourceHttpRequestHandler]
Mapped URL path [/**/favicon.ico] onto handler of type [class org.springframework.web.servlet.resource.ResourceHttpRequestHandler]
ClassTemplateLoader for Spring macros added to FreeMarker configuration
Registering beans for JMX exposure on startup
Initializing ProtocolHandler ["http-nio-8080"]
Starting ProtocolHandler ["http-nio-8080"]
Using a shared selector for servlet write/read
Tomcat started on port(s): 8080 (http)
Started SellApplication in 5.812 seconds (JVM running for 6.497)
Initializing Spring FrameworkServlet 'dispatcherServlet'
FrameworkServlet 'dispatcherServlet': initialization started
FrameworkServlet 'dispatcherServlet': initialization completed in 31 ms
【微信网页授权】 获取code，result=https://open.weixin.qq.com/connect/oauth2/authorize?appid=wxe2878eec582f3dee&redirect_uri=http%3A%2F%2Fbudongfeng.tunnel.qydev.com%2Fsell%2Fwechat%2FuserInfo&response_type=code&scope=snsapi_base&state=http%3A%2F%2Fsell.com%2F%23%2F#wechat_redirect
HHH000397: Using ASTQueryTranslatorFactory
Starting SellApplication on 01HL2IXBWRWCH9B with PID 10756 (D:\myworkspace\sell\target\classes started by Administrator in D:\myworkspace\sell)
The following profiles are active: home
Refreshing org.springframework.boot.context.embedded.AnnotationConfigEmbeddedWebApplicationContext@4ff4357f: startup date [Tue Nov 21 14:53:33 CST 2017]; root of context hierarchy
HV000001: Hibernate Validator 5.3.5.Final
JSR-330 'javax.inject.Inject' annotation found and supported for autowiring
Tomcat initialized with port(s): 8080 (http)
Starting service [Tomcat]
Starting Servlet Engine: Apache Tomcat/8.5.23
Initializing Spring embedded WebApplicationContext
Root WebApplicationContext: initialization completed in 1768 ms
Mapping servlet: 'dispatcherServlet' to [/]
Mapping filter: 'characterEncodingFilter' to: [/*]
Mapping filter: 'hiddenHttpMethodFilter' to: [/*]
Mapping filter: 'httpPutFormContentFilter' to: [/*]
Mapping filter: 'requestContextFilter' to: [/*]
Building JPA container EntityManagerFactory for persistence unit 'default'
HHH000204: Processing PersistenceUnitInfo [
	name: default
	...]
HHH000412: Hibernate Core {5.0.12.Final}
HHH000206: hibernate.properties not found
HHH000021: Bytecode provider name : javassist
HCANN000001: Hibernate Commons Annotations {5.0.1.Final}
HHH000400: Using dialect: org.hibernate.dialect.MySQL5Dialect
Initialized JPA EntityManagerFactory for persistence unit 'default'
Looking for @ControllerAdvice: org.springframework.boot.context.embedded.AnnotationConfigEmbeddedWebApplicationContext@4ff4357f: startup date [Tue Nov 21 14:53:33 CST 2017]; root of context hierarchy
Mapped "{[/buyer/order/list],methods=[GET]}" onto public com.budongfeng.sell.vo.ResultVo<java.util.List<com.budongfeng.sell.dto.OrderDTO>> com.budongfeng.sell.controller.BuyerOrderController.list(java.lang.String,java.lang.Integer,java.lang.Integer)
Mapped "{[/buyer/order/cancel],methods=[POST]}" onto public com.budongfeng.sell.vo.ResultVo com.budongfeng.sell.controller.BuyerOrderController.cancel(java.lang.String,java.lang.String)
Mapped "{[/buyer/order/detail],methods=[GET]}" onto public com.budongfeng.sell.vo.ResultVo<com.budongfeng.sell.dto.OrderDTO> com.budongfeng.sell.controller.BuyerOrderController.detail(java.lang.String,java.lang.String)
Mapped "{[/buyer/order/create],methods=[POST]}" onto public com.budongfeng.sell.vo.ResultVo<java.util.Map<java.lang.String, java.lang.String>> com.budongfeng.sell.controller.BuyerOrderController.creatOrder(com.budongfeng.sell.form.OrderForm,org.springframework.validation.BindingResult)
Mapped "{[/buyer/product/list]}" onto public com.budongfeng.sell.vo.ResultVo com.budongfeng.sell.controller.BuyerProductController.productList()
Mapped "{[/pay/create],methods=[GET]}" onto public org.springframework.web.servlet.ModelAndView com.budongfeng.sell.controller.PayController.create(java.lang.String,java.lang.String)
Mapped "{[/wechat/userInfo],methods=[GET]}" onto public java.lang.String com.budongfeng.sell.controller.WechatController.userInfo(java.lang.String,java.lang.String)
Mapped "{[/wechat/authorize],methods=[GET]}" onto public java.lang.String com.budongfeng.sell.controller.WechatController.authorize(java.lang.String)
Mapped "{[/weixin/auth],methods=[GET]}" onto public void com.budongfeng.sell.controller.WeiXinController.auth(java.lang.String)
Mapped "{[/error]}" onto public org.springframework.http.ResponseEntity<java.util.Map<java.lang.String, java.lang.Object>> org.springframework.boot.autoconfigure.web.BasicErrorController.error(javax.servlet.http.HttpServletRequest)
Mapped "{[/error],produces=[text/html]}" onto public org.springframework.web.servlet.ModelAndView org.springframework.boot.autoconfigure.web.BasicErrorController.errorHtml(javax.servlet.http.HttpServletRequest,javax.servlet.http.HttpServletResponse)
Mapped URL path [/webjars/**] onto handler of type [class org.springframework.web.servlet.resource.ResourceHttpRequestHandler]
Mapped URL path [/**] onto handler of type [class org.springframework.web.servlet.resource.ResourceHttpRequestHandler]
Mapped URL path [/**/favicon.ico] onto handler of type [class org.springframework.web.servlet.resource.ResourceHttpRequestHandler]
ClassTemplateLoader for Spring macros added to FreeMarker configuration
Registering beans for JMX exposure on startup
Initializing ProtocolHandler ["http-nio-8080"]
Starting ProtocolHandler ["http-nio-8080"]
Using a shared selector for servlet write/read
Tomcat started on port(s): 8080 (http)
Started SellApplication in 5.611 seconds (JVM running for 6.704)
Initializing Spring FrameworkServlet 'dispatcherServlet'
FrameworkServlet 'dispatcherServlet': initialization started
FrameworkServlet 'dispatcherServlet': initialization completed in 31 ms
HHH000397: Using ASTQueryTranslatorFactory
Starting SellApplication on 01HL2IXBWRWCH9B with PID 9744 (D:\myworkspace\sell\target\classes started by Administrator in D:\myworkspace\sell)
The following profiles are active: home
Refreshing org.springframework.boot.context.embedded.AnnotationConfigEmbeddedWebApplicationContext@4ff4357f: startup date [Tue Nov 21 15:05:44 CST 2017]; root of context hierarchy
HV000001: Hibernate Validator 5.3.5.Final
JSR-330 'javax.inject.Inject' annotation found and supported for autowiring
Tomcat initialized with port(s): 8080 (http)
Starting service [Tomcat]
Starting Servlet Engine: Apache Tomcat/8.5.23
Initializing Spring embedded WebApplicationContext
Root WebApplicationContext: initialization completed in 1649 ms
Mapping servlet: 'dispatcherServlet' to [/]
Mapping filter: 'characterEncodingFilter' to: [/*]
Mapping filter: 'hiddenHttpMethodFilter' to: [/*]
Mapping filter: 'httpPutFormContentFilter' to: [/*]
Mapping filter: 'requestContextFilter' to: [/*]
Building JPA container EntityManagerFactory for persistence unit 'default'
HHH000204: Processing PersistenceUnitInfo [
	name: default
	...]
HHH000412: Hibernate Core {5.0.12.Final}
HHH000206: hibernate.properties not found
HHH000021: Bytecode provider name : javassist
HCANN000001: Hibernate Commons Annotations {5.0.1.Final}
HHH000400: Using dialect: org.hibernate.dialect.MySQL5Dialect
Initialized JPA EntityManagerFactory for persistence unit 'default'
Looking for @ControllerAdvice: org.springframework.boot.context.embedded.AnnotationConfigEmbeddedWebApplicationContext@4ff4357f: startup date [Tue Nov 21 15:05:44 CST 2017]; root of context hierarchy
Mapped "{[/buyer/order/list],methods=[GET]}" onto public com.budongfeng.sell.vo.ResultVo<java.util.List<com.budongfeng.sell.dto.OrderDTO>> com.budongfeng.sell.controller.BuyerOrderController.list(java.lang.String,java.lang.Integer,java.lang.Integer)
Mapped "{[/buyer/order/detail],methods=[GET]}" onto public com.budongfeng.sell.vo.ResultVo<com.budongfeng.sell.dto.OrderDTO> com.budongfeng.sell.controller.BuyerOrderController.detail(java.lang.String,java.lang.String)
Mapped "{[/buyer/order/cancel],methods=[POST]}" onto public com.budongfeng.sell.vo.ResultVo com.budongfeng.sell.controller.BuyerOrderController.cancel(java.lang.String,java.lang.String)
Mapped "{[/buyer/order/create],methods=[POST]}" onto public com.budongfeng.sell.vo.ResultVo<java.util.Map<java.lang.String, java.lang.String>> com.budongfeng.sell.controller.BuyerOrderController.creatOrder(com.budongfeng.sell.form.OrderForm,org.springframework.validation.BindingResult)
Mapped "{[/buyer/product/list]}" onto public com.budongfeng.sell.vo.ResultVo com.budongfeng.sell.controller.BuyerProductController.productList()
Mapped "{[/pay/create],methods=[GET]}" onto public org.springframework.web.servlet.ModelAndView com.budongfeng.sell.controller.PayController.create(java.lang.String,java.lang.String,java.util.Map<java.lang.String, java.lang.Object>)
Mapped "{[/wechat/userInfo],methods=[GET]}" onto public java.lang.String com.budongfeng.sell.controller.WechatController.userInfo(java.lang.String,java.lang.String)
Mapped "{[/wechat/authorize],methods=[GET]}" onto public java.lang.String com.budongfeng.sell.controller.WechatController.authorize(java.lang.String)
Mapped "{[/weixin/auth],methods=[GET]}" onto public void com.budongfeng.sell.controller.WeiXinController.auth(java.lang.String)
Mapped "{[/error]}" onto public org.springframework.http.ResponseEntity<java.util.Map<java.lang.String, java.lang.Object>> org.springframework.boot.autoconfigure.web.BasicErrorController.error(javax.servlet.http.HttpServletRequest)
Mapped "{[/error],produces=[text/html]}" onto public org.springframework.web.servlet.ModelAndView org.springframework.boot.autoconfigure.web.BasicErrorController.errorHtml(javax.servlet.http.HttpServletRequest,javax.servlet.http.HttpServletResponse)
Mapped URL path [/webjars/**] onto handler of type [class org.springframework.web.servlet.resource.ResourceHttpRequestHandler]
Mapped URL path [/**] onto handler of type [class org.springframework.web.servlet.resource.ResourceHttpRequestHandler]
Mapped URL path [/**/favicon.ico] onto handler of type [class org.springframework.web.servlet.resource.ResourceHttpRequestHandler]
ClassTemplateLoader for Spring macros added to FreeMarker configuration
Registering beans for JMX exposure on startup
Initializing ProtocolHandler ["http-nio-8080"]
Starting ProtocolHandler ["http-nio-8080"]
Using a shared selector for servlet write/read
Tomcat started on port(s): 8080 (http)
Started SellApplication in 5.452 seconds (JVM running for 6.175)
Initializing Spring FrameworkServlet 'dispatcherServlet'
FrameworkServlet 'dispatcherServlet': initialization started
FrameworkServlet 'dispatcherServlet': initialization completed in 33 ms
HHH000397: Using ASTQueryTranslatorFactory
【微信支付】 request={
  "payTypeEnum": "WXPAY_H5",
  "orderId": "15106651120664691526",
  "orderAmount": 0.01,
  "orderName": "微信点餐订单",
  "openid": "o_LGFt2pj8eeXW1L6NAuGO9ioEFo"
}
【微信支付】 request={
  "payTypeEnum": "WXPAY_H5",
  "orderId": "15106651120664691526",
  "orderAmount": 0.01,
  "orderName": "微信点餐订单",
  "openid": "o_LGFt2pj8eeXW1L6NAuGO9ioEFo"
}
【微信支付】 request={
  "payTypeEnum": "WXPAY_H5",
  "orderId": "15106651120664691526",
  "orderAmount": 0.01,
  "orderName": "微信点餐订单",
  "openid": "o_LGFt2pj8eeXW1L6NAuGO9ioEFo"
}
Starting SellApplication on 01HL2IXBWRWCH9B with PID 4744 (D:\myworkspace\sell\target\classes started by Administrator in D:\myworkspace\sell)
The following profiles are active: home
Refreshing org.springframework.boot.context.embedded.AnnotationConfigEmbeddedWebApplicationContext@e54303: startup date [Tue Nov 21 15:06:52 CST 2017]; root of context hierarchy
HV000001: Hibernate Validator 5.3.5.Final
JSR-330 'javax.inject.Inject' annotation found and supported for autowiring
Tomcat initialized with port(s): 8080 (http)
Starting service [Tomcat]
Starting Servlet Engine: Apache Tomcat/8.5.23
Initializing Spring embedded WebApplicationContext
Root WebApplicationContext: initialization completed in 1751 ms
Mapping servlet: 'dispatcherServlet' to [/]
Mapping filter: 'characterEncodingFilter' to: [/*]
Mapping filter: 'hiddenHttpMethodFilter' to: [/*]
Mapping filter: 'httpPutFormContentFilter' to: [/*]
Mapping filter: 'requestContextFilter' to: [/*]
Building JPA container EntityManagerFactory for persistence unit 'default'
HHH000204: Processing PersistenceUnitInfo [
	name: default
	...]
HHH000412: Hibernate Core {5.0.12.Final}
HHH000206: hibernate.properties not found
HHH000021: Bytecode provider name : javassist
HCANN000001: Hibernate Commons Annotations {5.0.1.Final}
HHH000400: Using dialect: org.hibernate.dialect.MySQL5Dialect
Initialized JPA EntityManagerFactory for persistence unit 'default'
Looking for @ControllerAdvice: org.springframework.boot.context.embedded.AnnotationConfigEmbeddedWebApplicationContext@e54303: startup date [Tue Nov 21 15:06:52 CST 2017]; root of context hierarchy
Mapped "{[/buyer/order/list],methods=[GET]}" onto public com.budongfeng.sell.vo.ResultVo<java.util.List<com.budongfeng.sell.dto.OrderDTO>> com.budongfeng.sell.controller.BuyerOrderController.list(java.lang.String,java.lang.Integer,java.lang.Integer)
Mapped "{[/buyer/order/cancel],methods=[POST]}" onto public com.budongfeng.sell.vo.ResultVo com.budongfeng.sell.controller.BuyerOrderController.cancel(java.lang.String,java.lang.String)
Mapped "{[/buyer/order/detail],methods=[GET]}" onto public com.budongfeng.sell.vo.ResultVo<com.budongfeng.sell.dto.OrderDTO> com.budongfeng.sell.controller.BuyerOrderController.detail(java.lang.String,java.lang.String)
Mapped "{[/buyer/order/create],methods=[POST]}" onto public com.budongfeng.sell.vo.ResultVo<java.util.Map<java.lang.String, java.lang.String>> com.budongfeng.sell.controller.BuyerOrderController.creatOrder(com.budongfeng.sell.form.OrderForm,org.springframework.validation.BindingResult)
Mapped "{[/buyer/product/list]}" onto public com.budongfeng.sell.vo.ResultVo com.budongfeng.sell.controller.BuyerProductController.productList()
Mapped "{[/pay/create],methods=[GET]}" onto public org.springframework.web.servlet.ModelAndView com.budongfeng.sell.controller.PayController.create(java.lang.String,java.lang.String,java.util.Map<java.lang.String, java.lang.Object>)
Mapped "{[/wechat/userInfo],methods=[GET]}" onto public java.lang.String com.budongfeng.sell.controller.WechatController.userInfo(java.lang.String,java.lang.String)
Mapped "{[/wechat/authorize],methods=[GET]}" onto public java.lang.String com.budongfeng.sell.controller.WechatController.authorize(java.lang.String)
Mapped "{[/weixin/auth],methods=[GET]}" onto public void com.budongfeng.sell.controller.WeiXinController.auth(java.lang.String)
Mapped "{[/error]}" onto public org.springframework.http.ResponseEntity<java.util.Map<java.lang.String, java.lang.Object>> org.springframework.boot.autoconfigure.web.BasicErrorController.error(javax.servlet.http.HttpServletRequest)
Mapped "{[/error],produces=[text/html]}" onto public org.springframework.web.servlet.ModelAndView org.springframework.boot.autoconfigure.web.BasicErrorController.errorHtml(javax.servlet.http.HttpServletRequest,javax.servlet.http.HttpServletResponse)
Mapped URL path [/webjars/**] onto handler of type [class org.springframework.web.servlet.resource.ResourceHttpRequestHandler]
Mapped URL path [/**] onto handler of type [class org.springframework.web.servlet.resource.ResourceHttpRequestHandler]
Mapped URL path [/**/favicon.ico] onto handler of type [class org.springframework.web.servlet.resource.ResourceHttpRequestHandler]
ClassTemplateLoader for Spring macros added to FreeMarker configuration
Registering beans for JMX exposure on startup
Initializing ProtocolHandler ["http-nio-8080"]
Starting ProtocolHandler ["http-nio-8080"]
Using a shared selector for servlet write/read
Tomcat started on port(s): 8080 (http)
Started SellApplication in 5.61 seconds (JVM running for 6.346)
Initializing Spring FrameworkServlet 'dispatcherServlet'
FrameworkServlet 'dispatcherServlet': initialization started
FrameworkServlet 'dispatcherServlet': initialization completed in 34 ms
HHH000397: Using ASTQueryTranslatorFactory
【微信支付】 request={
  "payTypeEnum": "WXPAY_H5",
  "orderId": "15106651120664691526",
  "orderAmount": 0.01,
  "orderName": "微信点餐订单",
  "openid": "o_LGFt2pj8eeXW1L6NAuGO9ioEFo"
}
【微信支付】 request={
  "payTypeEnum": "WXPAY_H5",
  "orderId": "15106652223498798424",
  "orderAmount": 0.01,
  "orderName": "微信点餐订单",
  "openid": "o_LGFt2pj8eeXW1L6NAuGO9ioEFo"
}
【微信支付】 response={
  "appId": "wxe2878eec582f3dee",
  "timeStamp": "1511248066",
  "nonceStr": "bugUxeXWW8NqTcdG",
  "packAge": "prepay_id\u003dwx20171121150846bb7ddf42380823193776",
  "signType": "MD5",
  "paySign": "9205ED5C3EEF3C3F2BEC64979D16C3B0"
}
Starting SellApplication on 01HL2IXBWRWCH9B with PID 9632 (D:\myworkspace\sell\target\classes started by Administrator in D:\myworkspace\sell)
The following profiles are active: home
Refreshing org.springframework.boot.context.embedded.AnnotationConfigEmbeddedWebApplicationContext@e54303: startup date [Tue Nov 21 15:10:03 CST 2017]; root of context hierarchy
HV000001: Hibernate Validator 5.3.5.Final
JSR-330 'javax.inject.Inject' annotation found and supported for autowiring
Tomcat initialized with port(s): 8080 (http)
Starting service [Tomcat]
Starting Servlet Engine: Apache Tomcat/8.5.23
Initializing Spring embedded WebApplicationContext
Root WebApplicationContext: initialization completed in 1798 ms
Mapping servlet: 'dispatcherServlet' to [/]
Mapping filter: 'characterEncodingFilter' to: [/*]
Mapping filter: 'hiddenHttpMethodFilter' to: [/*]
Mapping filter: 'httpPutFormContentFilter' to: [/*]
Mapping filter: 'requestContextFilter' to: [/*]
Building JPA container EntityManagerFactory for persistence unit 'default'
HHH000204: Processing PersistenceUnitInfo [
	name: default
	...]
HHH000412: Hibernate Core {5.0.12.Final}
HHH000206: hibernate.properties not found
HHH000021: Bytecode provider name : javassist
HCANN000001: Hibernate Commons Annotations {5.0.1.Final}
HHH000400: Using dialect: org.hibernate.dialect.MySQL5Dialect
Initialized JPA EntityManagerFactory for persistence unit 'default'
Looking for @ControllerAdvice: org.springframework.boot.context.embedded.AnnotationConfigEmbeddedWebApplicationContext@e54303: startup date [Tue Nov 21 15:10:03 CST 2017]; root of context hierarchy
Mapped "{[/buyer/order/list],methods=[GET]}" onto public com.budongfeng.sell.vo.ResultVo<java.util.List<com.budongfeng.sell.dto.OrderDTO>> com.budongfeng.sell.controller.BuyerOrderController.list(java.lang.String,java.lang.Integer,java.lang.Integer)
Mapped "{[/buyer/order/detail],methods=[GET]}" onto public com.budongfeng.sell.vo.ResultVo<com.budongfeng.sell.dto.OrderDTO> com.budongfeng.sell.controller.BuyerOrderController.detail(java.lang.String,java.lang.String)
Mapped "{[/buyer/order/cancel],methods=[POST]}" onto public com.budongfeng.sell.vo.ResultVo com.budongfeng.sell.controller.BuyerOrderController.cancel(java.lang.String,java.lang.String)
Mapped "{[/buyer/order/create],methods=[POST]}" onto public com.budongfeng.sell.vo.ResultVo<java.util.Map<java.lang.String, java.lang.String>> com.budongfeng.sell.controller.BuyerOrderController.creatOrder(com.budongfeng.sell.form.OrderForm,org.springframework.validation.BindingResult)
Mapped "{[/buyer/product/list]}" onto public com.budongfeng.sell.vo.ResultVo com.budongfeng.sell.controller.BuyerProductController.productList()
Mapped "{[/pay/create],methods=[GET]}" onto public org.springframework.web.servlet.ModelAndView com.budongfeng.sell.controller.PayController.create(java.lang.String,java.lang.String,java.util.Map<java.lang.String, java.lang.Object>)
Mapped "{[/wechat/userInfo],methods=[GET]}" onto public java.lang.String com.budongfeng.sell.controller.WechatController.userInfo(java.lang.String,java.lang.String)
Mapped "{[/wechat/authorize],methods=[GET]}" onto public java.lang.String com.budongfeng.sell.controller.WechatController.authorize(java.lang.String)
Mapped "{[/weixin/auth],methods=[GET]}" onto public void com.budongfeng.sell.controller.WeiXinController.auth(java.lang.String)
Mapped "{[/error]}" onto public org.springframework.http.ResponseEntity<java.util.Map<java.lang.String, java.lang.Object>> org.springframework.boot.autoconfigure.web.BasicErrorController.error(javax.servlet.http.HttpServletRequest)
Mapped "{[/error],produces=[text/html]}" onto public org.springframework.web.servlet.ModelAndView org.springframework.boot.autoconfigure.web.BasicErrorController.errorHtml(javax.servlet.http.HttpServletRequest,javax.servlet.http.HttpServletResponse)
Mapped URL path [/webjars/**] onto handler of type [class org.springframework.web.servlet.resource.ResourceHttpRequestHandler]
Mapped URL path [/**] onto handler of type [class org.springframework.web.servlet.resource.ResourceHttpRequestHandler]
Mapped URL path [/**/favicon.ico] onto handler of type [class org.springframework.web.servlet.resource.ResourceHttpRequestHandler]
ClassTemplateLoader for Spring macros added to FreeMarker configuration
Registering beans for JMX exposure on startup
Initializing ProtocolHandler ["http-nio-8080"]
Starting ProtocolHandler ["http-nio-8080"]
Using a shared selector for servlet write/read
Tomcat started on port(s): 8080 (http)
Started SellApplication in 5.802 seconds (JVM running for 6.542)
Initializing Spring FrameworkServlet 'dispatcherServlet'
FrameworkServlet 'dispatcherServlet': initialization started
FrameworkServlet 'dispatcherServlet': initialization completed in 35 ms
HHH000397: Using ASTQueryTranslatorFactory
Starting SellApplication on 01HL2IXBWRWCH9B with PID 11944 (D:\myworkspace\sell\target\classes started by Administrator in D:\myworkspace\sell)
The following profiles are active: home
Refreshing org.springframework.boot.context.embedded.AnnotationConfigEmbeddedWebApplicationContext@4ff4357f: startup date [Tue Nov 21 15:35:50 CST 2017]; root of context hierarchy
HV000001: Hibernate Validator 5.3.5.Final
JSR-330 'javax.inject.Inject' annotation found and supported for autowiring
Tomcat initialized with port(s): 8080 (http)
Starting service [Tomcat]
Starting Servlet Engine: Apache Tomcat/8.5.23
Initializing Spring embedded WebApplicationContext
Root WebApplicationContext: initialization completed in 1601 ms
Mapping servlet: 'dispatcherServlet' to [/]
Mapping filter: 'characterEncodingFilter' to: [/*]
Mapping filter: 'hiddenHttpMethodFilter' to: [/*]
Mapping filter: 'httpPutFormContentFilter' to: [/*]
Mapping filter: 'requestContextFilter' to: [/*]
Building JPA container EntityManagerFactory for persistence unit 'default'
HHH000204: Processing PersistenceUnitInfo [
	name: default
	...]
HHH000412: Hibernate Core {5.0.12.Final}
HHH000206: hibernate.properties not found
HHH000021: Bytecode provider name : javassist
HCANN000001: Hibernate Commons Annotations {5.0.1.Final}
HHH000400: Using dialect: org.hibernate.dialect.MySQL5Dialect
Initialized JPA EntityManagerFactory for persistence unit 'default'
Looking for @ControllerAdvice: org.springframework.boot.context.embedded.AnnotationConfigEmbeddedWebApplicationContext@4ff4357f: startup date [Tue Nov 21 15:35:50 CST 2017]; root of context hierarchy
Mapped "{[/buyer/order/list],methods=[GET]}" onto public com.budongfeng.sell.vo.ResultVo<java.util.List<com.budongfeng.sell.dto.OrderDTO>> com.budongfeng.sell.controller.BuyerOrderController.list(java.lang.String,java.lang.Integer,java.lang.Integer)
Mapped "{[/buyer/order/cancel],methods=[POST]}" onto public com.budongfeng.sell.vo.ResultVo com.budongfeng.sell.controller.BuyerOrderController.cancel(java.lang.String,java.lang.String)
Mapped "{[/buyer/order/detail],methods=[GET]}" onto public com.budongfeng.sell.vo.ResultVo<com.budongfeng.sell.dto.OrderDTO> com.budongfeng.sell.controller.BuyerOrderController.detail(java.lang.String,java.lang.String)
Mapped "{[/buyer/order/create],methods=[POST]}" onto public com.budongfeng.sell.vo.ResultVo<java.util.Map<java.lang.String, java.lang.String>> com.budongfeng.sell.controller.BuyerOrderController.creatOrder(com.budongfeng.sell.form.OrderForm,org.springframework.validation.BindingResult)
Mapped "{[/buyer/product/list]}" onto public com.budongfeng.sell.vo.ResultVo com.budongfeng.sell.controller.BuyerProductController.productList()
Mapped "{[/pay/create],methods=[GET]}" onto public org.springframework.web.servlet.ModelAndView com.budongfeng.sell.controller.PayController.create(java.lang.String,java.lang.String,java.util.Map<java.lang.String, java.lang.Object>)
Mapped "{[/wechat/userInfo],methods=[GET]}" onto public java.lang.String com.budongfeng.sell.controller.WechatController.userInfo(java.lang.String,java.lang.String)
Mapped "{[/wechat/authorize],methods=[GET]}" onto public java.lang.String com.budongfeng.sell.controller.WechatController.authorize(java.lang.String)
Mapped "{[/weixin/auth],methods=[GET]}" onto public void com.budongfeng.sell.controller.WeiXinController.auth(java.lang.String)
Mapped "{[/error]}" onto public org.springframework.http.ResponseEntity<java.util.Map<java.lang.String, java.lang.Object>> org.springframework.boot.autoconfigure.web.BasicErrorController.error(javax.servlet.http.HttpServletRequest)
Mapped "{[/error],produces=[text/html]}" onto public org.springframework.web.servlet.ModelAndView org.springframework.boot.autoconfigure.web.BasicErrorController.errorHtml(javax.servlet.http.HttpServletRequest,javax.servlet.http.HttpServletResponse)
Mapped URL path [/webjars/**] onto handler of type [class org.springframework.web.servlet.resource.ResourceHttpRequestHandler]
Mapped URL path [/**] onto handler of type [class org.springframework.web.servlet.resource.ResourceHttpRequestHandler]
Mapped URL path [/**/favicon.ico] onto handler of type [class org.springframework.web.servlet.resource.ResourceHttpRequestHandler]
ClassTemplateLoader for Spring macros added to FreeMarker configuration
Registering beans for JMX exposure on startup
Initializing ProtocolHandler ["http-nio-8080"]
Starting ProtocolHandler ["http-nio-8080"]
Using a shared selector for servlet write/read
Tomcat started on port(s): 8080 (http)
Started SellApplication in 5.424 seconds (JVM running for 6.146)
Initializing Spring FrameworkServlet 'dispatcherServlet'
FrameworkServlet 'dispatcherServlet': initialization started
FrameworkServlet 'dispatcherServlet': initialization completed in 33 ms
HHH000397: Using ASTQueryTranslatorFactory
【微信支付】 request={
  "payTypeEnum": "WXPAY_H5",
  "orderId": "15106652223498798424",
  "orderAmount": 0.01,
  "orderName": "微信点餐订单",
  "openid": "o_LGFt2pj8eeXW1L6NAuGO9ioEFo"
}
【微信支付】 response={
  "appId": "wxe2878eec582f3dee",
  "timeStamp": "1511249830",
  "nonceStr": "Qs4GrlrnJDejR5Pm",
  "packAge": "prepay_id\u003dwx201711211538107829582a340011845727",
  "signType": "MD5",
  "paySign": "6C39CE5474C93EB412049A4471B44D41"
}
【微信支付】 request={
  "payTypeEnum": "WXPAY_H5",
  "orderId": "15106652223498798424",
  "orderAmount": 0.01,
  "orderName": "微信点餐订单",
  "openid": "o_LGFt2pj8eeXW1L6NAuGO9ioEFo"
}
【微信支付】 response={
  "appId": "wxe2878eec582f3dee",
  "timeStamp": "1511249857",
  "nonceStr": "MTbVsQOkI2BrsEUN",
  "packAge": "prepay_id\u003dwx201711211538376c7d5a1f850830172063",
  "signType": "MD5",
  "paySign": "50454300F62523690CC20CDF8C581EEF"
}
【微信支付】 request={
  "payTypeEnum": "WXPAY_H5",
  "orderId": "15106652223498798424",
  "orderAmount": 0.01,
  "orderName": "微信点餐订单",
  "openid": "o_LGFt2pj8eeXW1L6NAuGO9ioEFo"
}
【微信支付】 request={
  "payTypeEnum": "WXPAY_H5",
  "orderId": "15106652223498798424",
  "orderAmount": 0.01,
  "orderName": "微信点餐订单",
  "openid": "o_LGFt2pj8eeXW1L6NAuGO9ioEFo"
}
【微信支付】 response={
  "appId": "wxe2878eec582f3dee",
  "timeStamp": "1511249858",
  "nonceStr": "uszmDDBIYSpJ58Lg",
  "packAge": "prepay_id\u003dwx201711211538385e7a7d7b390122880583",
  "signType": "MD5",
  "paySign": "9C82F891E38442DF0B17514E170079D6"
}
【微信支付】 response={
  "appId": "wxe2878eec582f3dee",
  "timeStamp": "1511249858",
  "nonceStr": "eip3ldHggBC8rQkY",
  "packAge": "prepay_id\u003dwx201711211538385e7a7d7b390279379227",
  "signType": "MD5",
  "paySign": "BAE240CE538969A81FF31CB5E30980B0"
}
【微信支付】 request={
  "payTypeEnum": "WXPAY_H5",
  "orderId": "15106652223498798424",
  "orderAmount": 0.01,
  "orderName": "微信点餐订单",
  "openid": "o_LGFt2pj8eeXW1L6NAuGO9ioEFo"
}
【微信支付】 response={
  "appId": "wxe2878eec582f3dee",
  "timeStamp": "1511249861",
  "nonceStr": "93nG2emQJvADpnLY",
  "packAge": "prepay_id\u003dwx20171121153841c7eada5a820703075693",
  "signType": "MD5",
  "paySign": "1F91808FB30BF2996BE8FBD2A2846110"
}
【微信支付】 request={
  "payTypeEnum": "WXPAY_H5",
  "orderId": "15106652223498798424",
  "orderAmount": 0.01,
  "orderName": "微信点餐订单",
  "openid": "o_LGFt2pj8eeXW1L6NAuGO9ioEFo"
}
【微信支付】 response={
  "appId": "wxe2878eec582f3dee",
  "timeStamp": "1511249863",
  "nonceStr": "DsehLHMbuZmKpGZs",
  "packAge": "prepay_id\u003dwx201711211538433dc43414290757821695",
  "signType": "MD5",
  "paySign": "928C669E8DB4A664D572A5A97EBA7DEF"
}
【微信支付】 request={
  "payTypeEnum": "WXPAY_H5",
  "orderId": "15106652223498798424",
  "orderAmount": 0.01,
  "orderName": "微信点餐订单",
  "openid": "o_LGFt2pj8eeXW1L6NAuGO9ioEFo"
}
【微信支付】 response={
  "appId": "wxe2878eec582f3dee",
  "timeStamp": "1511249997",
  "nonceStr": "CiAQZEfZ8VTY05rW",
  "packAge": "prepay_id\u003dwx20171121154057b7092dcef60147141275",
  "signType": "MD5",
  "paySign": "3D819E26CF6704E1F4C6DA9EB0F1C0C2"
}
【微信支付】 request={
  "payTypeEnum": "WXPAY_H5",
  "orderId": "15106652223498798424",
  "orderAmount": 0.01,
  "orderName": "微信点餐订单",
  "openid": "o_LGFt2pj8eeXW1L6NAuGO9ioEFo"
}
【微信支付】 response={
  "appId": "wxe2878eec582f3dee",
  "timeStamp": "1511250096",
  "nonceStr": "SuXvvDKtVIJiFof6",
  "packAge": "prepay_id\u003dwx20171121154236602813838f0268875056",
  "signType": "MD5",
  "paySign": "23721B6AC79B9AA84BBB476593C08DF4"
}
Starting SellApplication on 01HL2IXBWRWCH9B with PID 11840 (D:\myworkspace\sell\target\classes started by Administrator in D:\myworkspace\sell)
The following profiles are active: home
Refreshing org.springframework.boot.context.embedded.AnnotationConfigEmbeddedWebApplicationContext@e54303: startup date [Tue Nov 21 15:42:12 CST 2017]; root of context hierarchy
HV000001: Hibernate Validator 5.3.5.Final
JSR-330 'javax.inject.Inject' annotation found and supported for autowiring
Tomcat initialized with port(s): 8080 (http)
Starting service [Tomcat]
Starting Servlet Engine: Apache Tomcat/8.5.23
Initializing Spring embedded WebApplicationContext
Root WebApplicationContext: initialization completed in 1714 ms
Mapping servlet: 'dispatcherServlet' to [/]
Mapping filter: 'characterEncodingFilter' to: [/*]
Mapping filter: 'hiddenHttpMethodFilter' to: [/*]
Mapping filter: 'httpPutFormContentFilter' to: [/*]
Mapping filter: 'requestContextFilter' to: [/*]
Building JPA container EntityManagerFactory for persistence unit 'default'
HHH000204: Processing PersistenceUnitInfo [
	name: default
	...]
HHH000412: Hibernate Core {5.0.12.Final}
HHH000206: hibernate.properties not found
HHH000021: Bytecode provider name : javassist
HCANN000001: Hibernate Commons Annotations {5.0.1.Final}
HHH000400: Using dialect: org.hibernate.dialect.MySQL5Dialect
Initialized JPA EntityManagerFactory for persistence unit 'default'
Looking for @ControllerAdvice: org.springframework.boot.context.embedded.AnnotationConfigEmbeddedWebApplicationContext@e54303: startup date [Tue Nov 21 15:42:12 CST 2017]; root of context hierarchy
Mapped "{[/buyer/order/list],methods=[GET]}" onto public com.budongfeng.sell.vo.ResultVo<java.util.List<com.budongfeng.sell.dto.OrderDTO>> com.budongfeng.sell.controller.BuyerOrderController.list(java.lang.String,java.lang.Integer,java.lang.Integer)
Mapped "{[/buyer/order/detail],methods=[GET]}" onto public com.budongfeng.sell.vo.ResultVo<com.budongfeng.sell.dto.OrderDTO> com.budongfeng.sell.controller.BuyerOrderController.detail(java.lang.String,java.lang.String)
Mapped "{[/buyer/order/cancel],methods=[POST]}" onto public com.budongfeng.sell.vo.ResultVo com.budongfeng.sell.controller.BuyerOrderController.cancel(java.lang.String,java.lang.String)
Mapped "{[/buyer/order/create],methods=[POST]}" onto public com.budongfeng.sell.vo.ResultVo<java.util.Map<java.lang.String, java.lang.String>> com.budongfeng.sell.controller.BuyerOrderController.creatOrder(com.budongfeng.sell.form.OrderForm,org.springframework.validation.BindingResult)
Mapped "{[/buyer/product/list]}" onto public com.budongfeng.sell.vo.ResultVo com.budongfeng.sell.controller.BuyerProductController.productList()
Mapped "{[/pay/create],methods=[GET]}" onto public org.springframework.web.servlet.ModelAndView com.budongfeng.sell.controller.PayController.create(java.lang.String,java.lang.String,java.util.Map<java.lang.String, java.lang.Object>)
Mapped "{[/wechat/userInfo],methods=[GET]}" onto public java.lang.String com.budongfeng.sell.controller.WechatController.userInfo(java.lang.String,java.lang.String)
Mapped "{[/wechat/authorize],methods=[GET]}" onto public java.lang.String com.budongfeng.sell.controller.WechatController.authorize(java.lang.String)
Mapped "{[/weixin/auth],methods=[GET]}" onto public void com.budongfeng.sell.controller.WeiXinController.auth(java.lang.String)
Mapped "{[/error]}" onto public org.springframework.http.ResponseEntity<java.util.Map<java.lang.String, java.lang.Object>> org.springframework.boot.autoconfigure.web.BasicErrorController.error(javax.servlet.http.HttpServletRequest)
Mapped "{[/error],produces=[text/html]}" onto public org.springframework.web.servlet.ModelAndView org.springframework.boot.autoconfigure.web.BasicErrorController.errorHtml(javax.servlet.http.HttpServletRequest,javax.servlet.http.HttpServletResponse)
Mapped URL path [/webjars/**] onto handler of type [class org.springframework.web.servlet.resource.ResourceHttpRequestHandler]
Mapped URL path [/**] onto handler of type [class org.springframework.web.servlet.resource.ResourceHttpRequestHandler]
Mapped URL path [/**/favicon.ico] onto handler of type [class org.springframework.web.servlet.resource.ResourceHttpRequestHandler]
ClassTemplateLoader for Spring macros added to FreeMarker configuration
Registering beans for JMX exposure on startup
Initializing ProtocolHandler ["http-nio-8080"]
Starting ProtocolHandler ["http-nio-8080"]
Using a shared selector for servlet write/read
Tomcat started on port(s): 8080 (http)
Started SellApplication in 5.492 seconds (JVM running for 6.21)
Initializing Spring FrameworkServlet 'dispatcherServlet'
FrameworkServlet 'dispatcherServlet': initialization started
FrameworkServlet 'dispatcherServlet': initialization completed in 34 ms
HHH000397: Using ASTQueryTranslatorFactory
【微信网页授权】 获取code，result=https://open.weixin.qq.com/connect/oauth2/authorize?appid=wxe2878eec582f3dee&redirect_uri=http%3A%2F%2Fbudongfeng.tunnel.qydev.com%2Fsell%2Fwechat%2FuserInfo&response_type=code&scope=snsapi_base&state=http%3A%2F%2Fsell.com%2F%23%2F#wechat_redirect
【微信支付】 request={
  "payTypeEnum": "WXPAY_H5",
  "orderId": "15106652223498798424",
  "orderAmount": 0.01,
  "orderName": "微信点餐订单",
  "openid": "o_LGFt2pj8eeXW1L6NAuGO9ioEFo"
}
【微信支付】 response={
  "appId": "wxe2878eec582f3dee",
  "timeStamp": "1511250171",
  "nonceStr": "qiyAMgO0C4tac8OM",
  "packAge": "prepay_id\u003dwx20171121154351e52140c4c50059521857",
  "signType": "MD5",
  "paySign": "9E037F13A6B6AF843559FBB491D0B34D"
}
【微信支付】 request={
  "payTypeEnum": "WXPAY_H5",
  "orderId": "15106652223498798424",
  "orderAmount": 0.01,
  "orderName": "微信点餐订单",
  "openid": "o_LGFt2pj8eeXW1L6NAuGO9ioEFo"
}
【微信支付】 response={
  "appId": "wxe2878eec582f3dee",
  "timeStamp": "1511250998",
  "nonceStr": "JEoWEzdTvKSVdB8O",
  "packAge": "prepay_id\u003dwx20171121155738cbea5c17dc0449373128",
  "signType": "MD5",
  "paySign": "259D0F2FB94D4684467C2700FCF889A7"
}
【微信网页授权】 获取code，result=https://open.weixin.qq.com/connect/oauth2/authorize?appid=wxe2878eec582f3dee&redirect_uri=http%3A%2F%2Fbudongfeng.tunnel.qydev.com%2Fsell%2Fwechat%2FuserInfo&response_type=code&scope=snsapi_base&state=http%3A%2F%2Fsell.com%2F%23%2F#wechat_redirect
【微信支付】 request={
  "payTypeEnum": "WXPAY_H5",
  "orderId": "15112514229592197506",
  "orderAmount": 0.01,
  "orderName": "微信点餐订单",
  "openid": "o_LGFtyw66s31slwyJ8Y9pGK_xC4"
}
【微信支付】 response={
  "appId": "wxe2878eec582f3dee",
  "timeStamp": "1511251443",
  "nonceStr": "BQ4AbqmRjYssorHt",
  "packAge": "prepay_id\u003dwx201711211605037c0462ba370781420750",
  "signType": "MD5",
  "paySign": "A160E41FBFD9AEA8584598B3D0EED980"
}
【微信支付】 request={
  "payTypeEnum": "WXPAY_H5",
  "orderId": "15112520018749560617",
  "orderAmount": 0.01,
  "orderName": "微信点餐订单",
  "openid": "o_LGFtyw66s31slwyJ8Y9pGK_xC4"
}
【微信支付】 response={
  "appId": "wxe2878eec582f3dee",
  "timeStamp": "1511252012",
  "nonceStr": "vF0ooH2nQfmVijyi",
  "packAge": "prepay_id\u003dwx20171121161433c75b6f164d0234558424",
  "signType": "MD5",
  "paySign": "BB737A57EEB096C3E691F4F3F2312EF9"
}
【微信网页授权】 获取code，result=https://open.weixin.qq.com/connect/oauth2/authorize?appid=wxe2878eec582f3dee&redirect_uri=http%3A%2F%2Fbudongfeng.tunnel.qydev.com%2Fsell%2Fwechat%2FuserInfo&response_type=code&scope=snsapi_base&state=http%3A%2F%2Fsell.com%2F%23%2F#wechat_redirect
【微信支付】 request={
  "payTypeEnum": "WXPAY_H5",
  "orderId": "15106652223498798424",
  "orderAmount": 0.01,
  "orderName": "微信点餐订单",
  "openid": "o_LGFt2pj8eeXW1L6NAuGO9ioEFo"
}
【微信支付】 response={
  "appId": "wxe2878eec582f3dee",
  "timeStamp": "1511257768",
  "nonceStr": "LGc9BVLvzA4DrqR4",
  "packAge": "prepay_id\u003dwx20171121175028ebf1c0590f0207998504",
  "signType": "MD5",
  "paySign": "29F670D97BD699A461E27D2E7DB727E3"
}
【微信网页授权】 获取code，result=https://open.weixin.qq.com/connect/oauth2/authorize?appid=wxe2878eec582f3dee&redirect_uri=http%3A%2F%2Fbudongfeng.tunnel.qydev.com%2Fsell%2Fwechat%2FuserInfo&response_type=code&scope=snsapi_base&state=http%3A%2F%2Fsell.com%2F%23%2F#wechat_redirect
【微信网页授权】 获取code，result=https://open.weixin.qq.com/connect/oauth2/authorize?appid=wxe2878eec582f3dee&redirect_uri=http%3A%2F%2Fbudongfeng.tunnel.qydev.com%2Fsell%2Fwechat%2FuserInfo&response_type=code&scope=snsapi_base&state=http%3A%2F%2Fsell.com%2F%23%2F#wechat_redirect
【微信支付】 request={
  "payTypeEnum": "WXPAY_H5",
  "orderId": "15112579994047236404",
  "orderAmount": 0.01,
  "orderName": "微信点餐订单",
  "openid": "o_LGFtyw66s31slwyJ8Y9pGK_xC4"
}
【微信支付】 response={
  "appId": "wxe2878eec582f3dee",
  "timeStamp": "1511258000",
  "nonceStr": "YWaOo8z5RDy3qu4L",
  "packAge": "prepay_id\u003dwx20171121175420b4de333dbd0567344832",
  "signType": "MD5",
  "paySign": "ED9730D38AF5C503D23E5A20281E61E6"
}
【微信支付】 request={
  "payTypeEnum": "WXPAY_H5",
  "orderId": "15112580620456163296",
  "orderAmount": 0.01,
  "orderName": "微信点餐订单",
  "openid": "o_LGFtyw66s31slwyJ8Y9pGK_xC4"
}
【微信支付】 response={
  "appId": "wxe2878eec582f3dee",
  "timeStamp": "1511258062",
  "nonceStr": "JIUTPCfShLIdRUjf",
  "packAge": "prepay_id\u003dwx20171121175523b6024d58ec0189421641",
  "signType": "MD5",
  "paySign": "EBB8E7D6D95EBE862A9061E33DA371AC"
}
【微信网页授权】 获取code，result=https://open.weixin.qq.com/connect/oauth2/authorize?appid=wxe2878eec582f3dee&redirect_uri=http%3A%2F%2Fbudongfeng.tunnel.qydev.com%2Fsell%2Fwechat%2FuserInfo&response_type=code&scope=snsapi_base&state=http%3A%2F%2Fsell.com%2F%23%2F#wechat_redirect
